2025-04-25 10:06:40.207 -06:00 [INF]  Application starting up
2025-04-25 10:06:40.330 -06:00 [WRN]  API key not found in environment variables. API functionality may be limited.
2025-04-25 10:06:40.340 -06:00 [WRN]  API Key is not provided. API functionality will be limited.
2025-04-25 10:06:40.340 -06:00 [WRN]  Grok API key not found in environment variables. Grok functionality will be unavailable.
2025-04-25 10:06:40.341 -06:00 [ERR]  Grok API key is not provided.
2025-04-25 10:06:40.341 -06:00 [WRN]  Using local database manager as API key is not configured.
2025-04-25 10:06:40.442 -06:00 [INF]  Current database schema version: 4
2025-04-25 10:06:40.448 -06:00 [INF]  No pending migrations.
2025-04-25 10:06:40.449 -06:00 [INF]  Running database cleanup...
2025-04-25 10:06:40.459 -06:00 [INF]  Successfully cleaned up old Fuel records and vacuumed database.
2025-04-25 10:06:40.527 -06:00 [INF] Welcome Welcome: Form loaded
2025-04-25 10:06:40.528 -06:00 [INF] Welcome Dashboard stats loaded
2025-04-25 10:06:40.528 -06:00 [INF] Welcome Today's trips loaded
2025-04-25 10:07:11.571 -06:00 [INF]  Application starting up
2025-04-25 10:07:11.650 -06:00 [WRN]  API key not found in environment variables. API functionality may be limited.
2025-04-25 10:07:11.659 -06:00 [WRN]  API Key is not provided. API functionality will be limited.
2025-04-25 10:07:11.659 -06:00 [WRN]  Grok API key not found in environment variables. Grok functionality will be unavailable.
2025-04-25 10:07:11.659 -06:00 [ERR]  Grok API key is not provided.
2025-04-25 10:07:11.659 -06:00 [WRN]  Using local database manager as API key is not configured.
2025-04-25 10:07:11.735 -06:00 [INF]  Current database schema version: 4
2025-04-25 10:07:11.741 -06:00 [INF]  No pending migrations.
2025-04-25 10:07:11.742 -06:00 [INF]  Running database cleanup...
2025-04-25 10:07:11.753 -06:00 [INF]  Successfully cleaned up old Fuel records and vacuumed database.
2025-04-25 10:07:11.807 -06:00 [INF] Welcome Welcome: Form loaded
2025-04-25 10:07:11.808 -06:00 [INF] Welcome Dashboard stats loaded
2025-04-25 10:07:11.808 -06:00 [INF] Welcome Today's trips loaded
2025-04-25 10:07:15.348 -06:00 [INF] Welcome Welcome: Navigating to vehicles
2025-04-25 10:07:19.920 -06:00 [INF]  Displayed form 'vehicles'.
2025-04-25 10:07:21.147 -06:00 [INF] Welcome Welcome: Navigating to fuel
2025-04-25 10:07:21.147 -06:00 [ERR]  Form 'fuel' is not registered.
2025-04-25 10:07:23.572 -06:00 [INF] Welcome Welcome: Navigating to drivers
2025-04-25 10:07:23.573 -06:00 [ERR]  Form 'drivers' is not registered.
2025-04-25 10:07:25.422 -06:00 [INF] Welcome Welcome: Navigating to settings
2025-04-25 10:07:25.449 -06:00 [INF] Settings Settings: Form loaded
2025-04-25 10:07:27.003 -06:00 [INF] Settings Settings: Form closing
2025-04-25 10:07:27.012 -06:00 [INF]  Displayed form 'settings'.
2025-04-25 10:07:27.798 -06:00 [INF] Welcome Welcome: Opening MaintenanceForm.
2025-04-25 10:07:27.887 -06:00 [INF] MaintenanceForm MaintenanceForm: Form loaded
2025-04-25 10:07:30.189 -06:00 [INF] MaintenanceForm MaintenanceForm: Form closing
2025-04-25 10:07:30.198 -06:00 [INF]  Displayed form 'maintenance'.
2025-04-25 10:09:20.597 -06:00 [INF] Welcome Welcome: Form closing
2025-04-25 10:14:20.739 -06:00 [INF]  Application starting up
2025-04-25 10:14:20.812 -06:00 [WRN]  API key not found in environment variables. API functionality may be limited.
2025-04-25 10:14:20.823 -06:00 [WRN]  API Key is not provided. API functionality will be limited.
2025-04-25 10:14:20.823 -06:00 [WRN]  Grok API key not found in environment variables. Grok functionality will be unavailable.
2025-04-25 10:14:20.823 -06:00 [ERR]  Grok API key is not provided.
2025-04-25 10:14:20.823 -06:00 [WRN]  Using local database manager as API key is not configured.
2025-04-25 10:14:20.901 -06:00 [INF]  Current database schema version: 4
2025-04-25 10:14:20.906 -06:00 [INF]  No pending migrations.
2025-04-25 10:14:20.907 -06:00 [INF]  Running database cleanup...
2025-04-25 10:14:20.918 -06:00 [INF]  Successfully cleaned up old Fuel records and vacuumed database.
2025-04-25 10:14:20.971 -06:00 [INF] Welcome Welcome: Form loaded
2025-04-25 10:14:20.972 -06:00 [INF] Welcome Dashboard stats loaded
2025-04-25 10:14:20.972 -06:00 [INF] Welcome Today's trips loaded
2025-04-25 10:15:48.426 -06:00 [INF] Welcome Welcome: Form closing
2025-04-25 10:18:18.650 -06:00 [INF]  Application starting up
2025-04-25 10:18:18.721 -06:00 [WRN]  API key not found in environment variables. API functionality may be limited.
2025-04-25 10:18:18.731 -06:00 [WRN]  API Key is not provided. API functionality will be limited.
2025-04-25 10:18:18.731 -06:00 [WRN]  Grok API key not found in environment variables. Grok functionality will be unavailable.
2025-04-25 10:18:18.731 -06:00 [ERR]  Grok API key is not provided.
2025-04-25 10:18:18.732 -06:00 [WRN]  Using local database manager as API key is not configured.
2025-04-25 10:18:18.808 -06:00 [INF]  Current database schema version: 4
2025-04-25 10:18:18.813 -06:00 [INF]  No pending migrations.
2025-04-25 10:18:18.814 -06:00 [INF]  Running database cleanup...
2025-04-25 10:18:18.825 -06:00 [INF]  Successfully cleaned up old Fuel records and vacuumed database.
2025-04-25 10:18:18.878 -06:00 [INF] Welcome Welcome: Form loaded
2025-04-25 10:18:18.878 -06:00 [INF] Welcome Dashboard stats loaded
2025-04-25 10:18:18.878 -06:00 [INF] Welcome Today's trips loaded
2025-04-25 10:18:30.106 -06:00 [INF] Welcome Welcome: Navigating to settings
2025-04-25 10:18:30.129 -06:00 [INF] Settings Settings: Form loaded
2025-04-25 10:18:33.188 -06:00 [INF] Settings Settings: Form closing
2025-04-25 10:18:33.210 -06:00 [INF]  Displayed form 'settings'.
2025-04-25 10:21:40.979 -06:00 [INF] Welcome Welcome: Form closing
2025-04-25 10:23:25.724 -06:00 [INF]  Application starting up
2025-04-25 10:23:25.799 -06:00 [WRN]  API key not found in environment variables. API functionality may be limited.
2025-04-25 10:23:25.810 -06:00 [WRN]  API Key is not provided. API functionality will be limited.
2025-04-25 10:23:25.810 -06:00 [WRN]  Grok API key not found in environment variables. Grok functionality will be unavailable.
2025-04-25 10:23:25.810 -06:00 [ERR]  Grok API key is not provided.
2025-04-25 10:23:25.810 -06:00 [WRN]  Using local database manager as API key is not configured.
2025-04-25 10:23:25.895 -06:00 [INF]  Current database schema version: 4
2025-04-25 10:23:25.900 -06:00 [INF]  No pending migrations.
2025-04-25 10:23:25.901 -06:00 [INF]  Running database cleanup...
2025-04-25 10:23:25.912 -06:00 [INF]  Successfully cleaned up old Fuel records and vacuumed database.
2025-04-25 10:23:25.967 -06:00 [INF] Welcome Welcome: Form loaded
2025-04-25 10:23:25.968 -06:00 [INF] Welcome Dashboard stats loaded
2025-04-25 10:23:25.968 -06:00 [INF] Welcome Today's trips loaded
2025-04-25 10:23:31.071 -06:00 [INF] Welcome Welcome: Navigating to vehicles
2025-04-25 10:23:34.024 -06:00 [INF]  Displayed form 'vehicles'.
2025-04-25 10:23:40.305 -06:00 [INF] Welcome Welcome: Form closing
2025-04-25 10:35:48.398 -06:00 [INF]  Application starting up
2025-04-25 10:35:48.532 -06:00 [WRN]  API key not found in environment variables. API functionality may be limited.
2025-04-25 10:35:48.547 -06:00 [WRN]  API Key is not provided. API functionality will be limited.
2025-04-25 10:35:48.547 -06:00 [WRN]  Grok API key not found in environment variables. Grok functionality will be unavailable.
2025-04-25 10:35:48.548 -06:00 [ERR]  Grok API key is not provided.
2025-04-25 10:35:48.548 -06:00 [WRN]  Using local database manager as API key is not configured.
2025-04-25 10:35:48.654 -06:00 [INF]  Current database schema version: 4
2025-04-25 10:35:48.661 -06:00 [INF]  No pending migrations.
2025-04-25 10:35:48.662 -06:00 [INF]  Running database cleanup...
2025-04-25 10:35:48.672 -06:00 [INF]  Successfully cleaned up old Fuel records and vacuumed database.
2025-04-25 10:35:48.753 -06:00 [INF] Welcome Welcome: Form loaded
2025-04-25 10:35:48.754 -06:00 [INF] Welcome Dashboard stats loaded
2025-04-25 10:35:48.754 -06:00 [INF] Welcome Today's trips loaded
2025-04-25 11:10:18.352 -06:00 [INF] Welcome Welcome: Form closing
