2025-04-24 14:46:09.029 -06:00 [INF]  Application starting up
2025-04-24 14:46:09.304 -06:00 [INF]  Current database schema version: 4
2025-04-24 14:46:09.311 -06:00 [INF]  No pending migrations.
2025-04-24 14:46:09.312 -06:00 [INF]  Running database cleanup...
2025-04-24 14:46:09.347 -06:00 [INF]  Successfully cleaned up old Fuel records and vacuumed database.
2025-04-24 14:46:09.350 -06:00 [INF]  [DEBUG] Attempting to get dashboard stats...
2025-04-24 14:46:09.357 -06:00 [INF]  [DEBUG] Dashboard stats result: Drivers: 0 | Routes: 4 | Trips: 0 | Fuel Records: 0
2025-04-24 14:46:09.357 -06:00 [INF]  [DEBUG] Attempting to get today's trips...
2025-04-24 14:46:09.392 -06:00 [INF]  [DEBUG] presenter.GetTodaysTripsData() returned 0 trips
2025-04-24 14:48:30.739 -06:00 [INF]  Application starting up
2025-04-24 14:48:31.069 -06:00 [INF]  Current database schema version: 4
2025-04-24 14:48:31.078 -06:00 [INF]  No pending migrations.
2025-04-24 14:48:31.080 -06:00 [INF]  Running database cleanup...
2025-04-24 14:48:31.113 -06:00 [INF]  Successfully cleaned up old Fuel records and vacuumed database.
2025-04-24 14:48:31.117 -06:00 [INF]  [DEBUG] Attempting to get dashboard stats...
2025-04-24 14:48:31.125 -06:00 [INF]  [DEBUG] Dashboard stats result: Drivers: 0 | Routes: 4 | Trips: 0 | Fuel Records: 0
2025-04-24 14:48:31.125 -06:00 [INF]  [DEBUG] Attempting to get today's trips...
2025-04-24 14:48:31.169 -06:00 [INF]  [DEBUG] presenter.GetTodaysTripsData() returned 0 trips
2025-04-24 14:51:53.715 -06:00 [INF]  Application starting up
2025-04-24 14:51:54.089 -06:00 [INF]  Current database schema version: 4
2025-04-24 14:51:54.098 -06:00 [INF]  No pending migrations.
2025-04-24 14:51:54.099 -06:00 [INF]  Running database cleanup...
2025-04-24 14:51:54.135 -06:00 [INF]  Successfully cleaned up old Fuel records and vacuumed database.
2025-04-24 14:51:54.139 -06:00 [INF]  [DEBUG] Attempting to get dashboard stats...
2025-04-24 14:51:54.147 -06:00 [INF]  [DEBUG] Dashboard stats result: Drivers: 0 | Routes: 4 | Trips: 0 | Fuel Records: 0
2025-04-24 14:51:54.147 -06:00 [INF]  [DEBUG] Attempting to get today's trips...
2025-04-24 14:51:54.192 -06:00 [INF]  [DEBUG] presenter.GetTodaysTripsData() returned 0 trips
