2025-04-21 13:22:04.695 -06:00 [INF] FormFactory: Created instance of VehiclesForm
2025-04-21 13:22:11.349 -06:00 [INF] FormFactory: Created instance of FuelForm
2025-04-21 13:22:20.633 -06:00 [INF] FormFactory: Created instance of MaintenanceForm
2025-04-21 13:22:30.756 -06:00 [ERR] Displaying error message box for exception.
System.NotImplementedException: The method or operation is not implemented.
   at BusBuddy.UI.Forms.MaintenanceForm.SaveRecord() in C:\Users\steve.mckitrick\Desktop\BusBuddy\UI\Forms\MaintenanceForm.cs:line 120
   at BusBuddy.UI.Forms.MaintenanceForm.SaveButton_Click(Object sender, EventArgs e) in C:\Users\steve.mckitrick\Desktop\BusBuddy\UI\Forms\MaintenanceForm.Designer.cs:line 269
   at System.Windows.Forms.Button.OnClick(EventArgs e)
   at System.Windows.Forms.Button.OnMouseUp(MouseEventArgs mevent)
   at System.Windows.Forms.Control.WmMouseUp(Message& m, MouseButtons button, Int32 clicks)
   at System.Windows.Forms.Control.WndProc(Message& m)
   at System.Windows.Forms.ButtonBase.WndProc(Message& m)
   at System.Windows.Forms.NativeWindow.Callback(HWND hWnd, MessageId msg, WPARAM wparam, LPARAM lparam)
2025-04-21 13:22:39.156 -06:00 [INF] FormFactory: Created instance of ActivityForm
2025-04-21 13:22:53.400 -06:00 [INF] FormFactory: Created instance of VehiclesForm
2025-04-21 14:11:24.120 -06:00 [INF] FormFactory: Created instance of VehiclesForm
2025-04-21 14:18:23.705 -06:00 [INF] FormFactory: Created instance of VehiclesForm
2025-04-21 14:27:55.996 -06:00 [INF] FormFactory: Created instance of VehiclesForm
2025-04-21 14:30:50.878 -06:00 [INF] FormFactory: Created instance of VehiclesForm
2025-04-21 14:39:57.041 -06:00 [INF] Current database schema version: 0
2025-04-21 14:39:57.047 -06:00 [WRN] Migrations directory not found at C:\Users\steve.mckitrick\Desktop\BusBuddy\bin\Debug\net9.0-windows\Migrations. Skipping migration check.
2025-04-21 14:39:59.848 -06:00 [INF] FormFactory: Created instance of VehiclesForm
