2025-04-22 06:54:22.364 -06:00 [INF] Starting BusBuddy application
2025-04-22 06:54:23.085 -06:00 [FTL] Application terminated unexpectedly
code = Constraint (19), message = System.Data.SQLite.SQLiteException (0x87AF202F): constraint failed
UNIQUE constraint failed: SchemaVersion.Version
   at System.Data.SQLite.SQLite3.Step(SQLiteStatement stmt)
   at System.Data.SQLite.SQLiteDataReader.Step(SQLiteStatement statement)
   at System.Data.SQLite.SQLiteDataReader.NextResult()
   at System.Data.SQLite.SQLiteDataReader..ctor(SQLiteCommand cmd, CommandBehavior behave)
   at System.Data.SQLite.SQLiteCommand.ExecuteReader(CommandBehavior behavior)
   at System.Data.SQLite.SQLiteCommand.ExecuteNonQuery(CommandBehavior behavior)
   at System.Data.SQLite.SQLiteCommand.ExecuteNonQuery()
   at Dapper.SqlMapper.ExecuteCommand(IDbConnection cnn, CommandDefinition& command, Action`2 paramReader) in /_/Dapper/SqlMapper.cs:line 2965
   at Dapper.SqlMapper.ExecuteImpl(IDbConnection cnn, CommandDefinition& command) in /_/Dapper/SqlMapper.cs:line 656
   at Dapper.SqlMapper.Execute(IDbConnection cnn, String sql, Object param, IDbTransaction transaction, Nullable`1 commandTimeout, Nullable`1 commandType) in /_/Dapper/SqlMapper.cs:line 527
   at BusBuddy.Data.DatabaseManager.ApplyPendingMigrations() in C:\Users\steve.mckitrick\Desktop\BusBuddy\Data\DatabaseManager.cs:line 136
   at BusBuddy.Data.DatabaseManager.InitializeDatabase() in C:\Users\steve.mckitrick\Desktop\BusBuddy\Data\DatabaseManager.cs:line 82
   at BusBuddy.Data.DatabaseManager..ctor(ILogger logger) in C:\Users\steve.mckitrick\Desktop\BusBuddy\Data\DatabaseManager.cs:line 42
   at InvokeStub_DatabaseManager..ctor(Object, Span`1)
   at System.Reflection.MethodBaseInvoker.InvokeWithOneArg(Object obj, BindingFlags invokeAttr, Binder binder, Object[] parameters, CultureInfo culture)
   at System.Reflection.RuntimeConstructorInfo.Invoke(BindingFlags invokeAttr, Binder binder, Object[] parameters, CultureInfo culture)
   at Microsoft.Extensions.DependencyInjection.ServiceLookup.CallSiteRuntimeResolver.VisitConstructor(ConstructorCallSite constructorCallSite, RuntimeResolverContext context)
   at Microsoft.Extensions.DependencyInjection.ServiceLookup.CallSiteVisitor`2.VisitCallSiteMain(ServiceCallSite callSite, TArgument argument)
   at Microsoft.Extensions.DependencyInjection.ServiceLookup.CallSiteRuntimeResolver.VisitRootCache(ServiceCallSite callSite, RuntimeResolverContext context)
   at Microsoft.Extensions.DependencyInjection.ServiceLookup.CallSiteVisitor`2.VisitCallSite(ServiceCallSite callSite, TArgument argument)
   at Microsoft.Extensions.DependencyInjection.ServiceLookup.CallSiteRuntimeResolver.Resolve(ServiceCallSite callSite, ServiceProviderEngineScope scope)
   at Microsoft.Extensions.DependencyInjection.ServiceProvider.CreateServiceAccessor(ServiceIdentifier serviceIdentifier)
   at System.Collections.Concurrent.ConcurrentDictionary`2.GetOrAdd(TKey key, Func`2 valueFactory)
   at Microsoft.Extensions.DependencyInjection.ServiceProvider.GetService(ServiceIdentifier serviceIdentifier, ServiceProviderEngineScope serviceProviderEngineScope)
   at Microsoft.Extensions.DependencyInjection.ServiceProvider.GetService(Type serviceType)
   at Microsoft.Extensions.DependencyInjection.ServiceProviderServiceExtensions.GetRequiredService(IServiceProvider provider, Type serviceType)
   at Microsoft.Extensions.DependencyInjection.ServiceProviderServiceExtensions.GetRequiredService[T](IServiceProvider provider)
   at BusBuddy.Program.Main() in C:\Users\steve.mckitrick\Desktop\BusBuddy\Program.cs:line 47
2025-04-22 06:54:25.999 -06:00 [ERR] Error during database cleanup.
code = Error (1), message = System.Data.SQLite.SQLiteException (0x87AF001F): SQL logic error
no such table: Fuel
   at System.Data.SQLite.SQLite3.Prepare(SQLiteConnection cnn, SQLiteCommand command, String strSql, SQLiteStatement previous, UInt32 timeoutMS, String& strRemain)
   at System.Data.SQLite.SQLiteCommand.BuildNextCommand()
   at System.Data.SQLite.SQLiteCommand.GetStatement(Int32 index)
   at System.Data.SQLite.SQLiteDataReader.NextResult()
   at System.Data.SQLite.SQLiteDataReader..ctor(SQLiteCommand cmd, CommandBehavior behave)
   at System.Data.SQLite.SQLiteCommand.ExecuteReader(CommandBehavior behavior)
   at System.Data.SQLite.SQLiteCommand.ExecuteNonQuery(CommandBehavior behavior)
   at System.Data.SQLite.SQLiteCommand.ExecuteNonQuery()
   at Dapper.SqlMapper.ExecuteCommand(IDbConnection cnn, CommandDefinition& command, Action`2 paramReader) in /_/Dapper/SqlMapper.cs:line 2965
   at Dapper.SqlMapper.ExecuteImpl(IDbConnection cnn, CommandDefinition& command) in /_/Dapper/SqlMapper.cs:line 656
   at Dapper.SqlMapper.Execute(IDbConnection cnn, String sql, Object param, IDbTransaction transaction, Nullable`1 commandTimeout, Nullable`1 commandType) in /_/Dapper/SqlMapper.cs:line 527
   at BusBuddy.Data.DatabaseManager.Cleanup() in C:\Users\steve.mckitrick\Desktop\BusBuddy\Data\DatabaseManager.cs:line 574
2025-04-22 06:55:22.901 -06:00 [INF] Starting BusBuddy application
2025-04-22 06:55:23.389 -06:00 [FTL] Application terminated unexpectedly
code = Constraint (19), message = System.Data.SQLite.SQLiteException (0x87AF202F): constraint failed
UNIQUE constraint failed: SchemaVersion.Version
   at System.Data.SQLite.SQLite3.Step(SQLiteStatement stmt)
   at System.Data.SQLite.SQLiteDataReader.Step(SQLiteStatement statement)
   at System.Data.SQLite.SQLiteDataReader.NextResult()
   at System.Data.SQLite.SQLiteDataReader..ctor(SQLiteCommand cmd, CommandBehavior behave)
   at System.Data.SQLite.SQLiteCommand.ExecuteReader(CommandBehavior behavior)
   at System.Data.SQLite.SQLiteCommand.ExecuteNonQuery(CommandBehavior behavior)
   at System.Data.SQLite.SQLiteCommand.ExecuteNonQuery()
   at Dapper.SqlMapper.ExecuteCommand(IDbConnection cnn, CommandDefinition& command, Action`2 paramReader) in /_/Dapper/SqlMapper.cs:line 2965
   at Dapper.SqlMapper.ExecuteImpl(IDbConnection cnn, CommandDefinition& command) in /_/Dapper/SqlMapper.cs:line 656
   at Dapper.SqlMapper.Execute(IDbConnection cnn, String sql, Object param, IDbTransaction transaction, Nullable`1 commandTimeout, Nullable`1 commandType) in /_/Dapper/SqlMapper.cs:line 527
   at BusBuddy.Data.DatabaseManager.ApplyPendingMigrations() in C:\Users\steve.mckitrick\Desktop\BusBuddy\Data\DatabaseManager.cs:line 136
   at BusBuddy.Data.DatabaseManager.InitializeDatabase() in C:\Users\steve.mckitrick\Desktop\BusBuddy\Data\DatabaseManager.cs:line 82
   at BusBuddy.Data.DatabaseManager..ctor(ILogger logger) in C:\Users\steve.mckitrick\Desktop\BusBuddy\Data\DatabaseManager.cs:line 42
   at InvokeStub_DatabaseManager..ctor(Object, Span`1)
   at System.Reflection.MethodBaseInvoker.InvokeWithOneArg(Object obj, BindingFlags invokeAttr, Binder binder, Object[] parameters, CultureInfo culture)
   at System.Reflection.RuntimeConstructorInfo.Invoke(BindingFlags invokeAttr, Binder binder, Object[] parameters, CultureInfo culture)
   at Microsoft.Extensions.DependencyInjection.ServiceLookup.CallSiteRuntimeResolver.VisitConstructor(ConstructorCallSite constructorCallSite, RuntimeResolverContext context)
   at Microsoft.Extensions.DependencyInjection.ServiceLookup.CallSiteVisitor`2.VisitCallSiteMain(ServiceCallSite callSite, TArgument argument)
   at Microsoft.Extensions.DependencyInjection.ServiceLookup.CallSiteRuntimeResolver.VisitRootCache(ServiceCallSite callSite, RuntimeResolverContext context)
   at Microsoft.Extensions.DependencyInjection.ServiceLookup.CallSiteVisitor`2.VisitCallSite(ServiceCallSite callSite, TArgument argument)
   at Microsoft.Extensions.DependencyInjection.ServiceLookup.CallSiteRuntimeResolver.Resolve(ServiceCallSite callSite, ServiceProviderEngineScope scope)
   at Microsoft.Extensions.DependencyInjection.ServiceProvider.CreateServiceAccessor(ServiceIdentifier serviceIdentifier)
   at System.Collections.Concurrent.ConcurrentDictionary`2.GetOrAdd(TKey key, Func`2 valueFactory)
   at Microsoft.Extensions.DependencyInjection.ServiceProvider.GetService(ServiceIdentifier serviceIdentifier, ServiceProviderEngineScope serviceProviderEngineScope)
   at Microsoft.Extensions.DependencyInjection.ServiceProvider.GetService(Type serviceType)
   at Microsoft.Extensions.DependencyInjection.ServiceProviderServiceExtensions.GetRequiredService(IServiceProvider provider, Type serviceType)
   at Microsoft.Extensions.DependencyInjection.ServiceProviderServiceExtensions.GetRequiredService[T](IServiceProvider provider)
   at BusBuddy.Program.Main() in C:\Users\steve.mckitrick\Desktop\BusBuddy\Program.cs:line 47
2025-04-22 06:55:27.584 -06:00 [ERR] Error during database cleanup.
code = Error (1), message = System.Data.SQLite.SQLiteException (0x87AF001F): SQL logic error
no such table: Fuel
   at System.Data.SQLite.SQLite3.Prepare(SQLiteConnection cnn, SQLiteCommand command, String strSql, SQLiteStatement previous, UInt32 timeoutMS, String& strRemain)
   at System.Data.SQLite.SQLiteCommand.BuildNextCommand()
   at System.Data.SQLite.SQLiteCommand.GetStatement(Int32 index)
   at System.Data.SQLite.SQLiteDataReader.NextResult()
   at System.Data.SQLite.SQLiteDataReader..ctor(SQLiteCommand cmd, CommandBehavior behave)
   at System.Data.SQLite.SQLiteCommand.ExecuteReader(CommandBehavior behavior)
   at System.Data.SQLite.SQLiteCommand.ExecuteNonQuery(CommandBehavior behavior)
   at System.Data.SQLite.SQLiteCommand.ExecuteNonQuery()
   at Dapper.SqlMapper.ExecuteCommand(IDbConnection cnn, CommandDefinition& command, Action`2 paramReader) in /_/Dapper/SqlMapper.cs:line 2965
   at Dapper.SqlMapper.ExecuteImpl(IDbConnection cnn, CommandDefinition& command) in /_/Dapper/SqlMapper.cs:line 656
   at Dapper.SqlMapper.Execute(IDbConnection cnn, String sql, Object param, IDbTransaction transaction, Nullable`1 commandTimeout, Nullable`1 commandType) in /_/Dapper/SqlMapper.cs:line 527
   at BusBuddy.Data.DatabaseManager.Cleanup() in C:\Users\steve.mckitrick\Desktop\BusBuddy\Data\DatabaseManager.cs:line 574
2025-04-22 08:09:07.697 -06:00 [INF] Starting BusBuddy application
2025-04-22 08:09:08.389 -06:00 [FTL] Application terminated unexpectedly
code = Constraint (19), message = System.Data.SQLite.SQLiteException (0x87AF202F): constraint failed
UNIQUE constraint failed: SchemaVersion.Version
   at System.Data.SQLite.SQLite3.Step(SQLiteStatement stmt)
   at System.Data.SQLite.SQLiteDataReader.Step(SQLiteStatement statement)
   at System.Data.SQLite.SQLiteDataReader.NextResult()
   at System.Data.SQLite.SQLiteDataReader..ctor(SQLiteCommand cmd, CommandBehavior behave)
   at System.Data.SQLite.SQLiteCommand.ExecuteReader(CommandBehavior behavior)
   at System.Data.SQLite.SQLiteCommand.ExecuteNonQuery(CommandBehavior behavior)
   at System.Data.SQLite.SQLiteCommand.ExecuteNonQuery()
   at Dapper.SqlMapper.ExecuteCommand(IDbConnection cnn, CommandDefinition& command, Action`2 paramReader) in /_/Dapper/SqlMapper.cs:line 2965
   at Dapper.SqlMapper.ExecuteImpl(IDbConnection cnn, CommandDefinition& command) in /_/Dapper/SqlMapper.cs:line 656
   at Dapper.SqlMapper.Execute(IDbConnection cnn, String sql, Object param, IDbTransaction transaction, Nullable`1 commandTimeout, Nullable`1 commandType) in /_/Dapper/SqlMapper.cs:line 527
   at BusBuddy.Data.DatabaseManager.ApplyPendingMigrations() in C:\Users\steve.mckitrick\Desktop\BusBuddy\Data\DatabaseManager.cs:line 136
   at BusBuddy.Data.DatabaseManager.InitializeDatabase() in C:\Users\steve.mckitrick\Desktop\BusBuddy\Data\DatabaseManager.cs:line 82
   at BusBuddy.Data.DatabaseManager..ctor(ILogger logger) in C:\Users\steve.mckitrick\Desktop\BusBuddy\Data\DatabaseManager.cs:line 42
   at InvokeStub_DatabaseManager..ctor(Object, Span`1)
   at System.Reflection.MethodBaseInvoker.InvokeWithOneArg(Object obj, BindingFlags invokeAttr, Binder binder, Object[] parameters, CultureInfo culture)
   at System.Reflection.RuntimeConstructorInfo.Invoke(BindingFlags invokeAttr, Binder binder, Object[] parameters, CultureInfo culture)
   at Microsoft.Extensions.DependencyInjection.ServiceLookup.CallSiteRuntimeResolver.VisitConstructor(ConstructorCallSite constructorCallSite, RuntimeResolverContext context)
   at Microsoft.Extensions.DependencyInjection.ServiceLookup.CallSiteVisitor`2.VisitCallSiteMain(ServiceCallSite callSite, TArgument argument)
   at Microsoft.Extensions.DependencyInjection.ServiceLookup.CallSiteRuntimeResolver.VisitRootCache(ServiceCallSite callSite, RuntimeResolverContext context)
   at Microsoft.Extensions.DependencyInjection.ServiceLookup.CallSiteVisitor`2.VisitCallSite(ServiceCallSite callSite, TArgument argument)
   at Microsoft.Extensions.DependencyInjection.ServiceLookup.CallSiteRuntimeResolver.Resolve(ServiceCallSite callSite, ServiceProviderEngineScope scope)
   at Microsoft.Extensions.DependencyInjection.ServiceProvider.CreateServiceAccessor(ServiceIdentifier serviceIdentifier)
   at System.Collections.Concurrent.ConcurrentDictionary`2.GetOrAdd(TKey key, Func`2 valueFactory)
   at Microsoft.Extensions.DependencyInjection.ServiceProvider.GetService(ServiceIdentifier serviceIdentifier, ServiceProviderEngineScope serviceProviderEngineScope)
   at Microsoft.Extensions.DependencyInjection.ServiceProvider.GetService(Type serviceType)
   at Microsoft.Extensions.DependencyInjection.ServiceProviderServiceExtensions.GetRequiredService(IServiceProvider provider, Type serviceType)
   at Microsoft.Extensions.DependencyInjection.ServiceProviderServiceExtensions.GetRequiredService[T](IServiceProvider provider)
   at BusBuddy.Program.Main() in C:\Users\steve.mckitrick\Desktop\BusBuddy\Program.cs:line 47
2025-04-22 08:09:10.003 -06:00 [ERR] Error during database cleanup.
code = Error (1), message = System.Data.SQLite.SQLiteException (0x87AF001F): SQL logic error
no such table: Fuel
   at System.Data.SQLite.SQLite3.Prepare(SQLiteConnection cnn, SQLiteCommand command, String strSql, SQLiteStatement previous, UInt32 timeoutMS, String& strRemain)
   at System.Data.SQLite.SQLiteCommand.BuildNextCommand()
   at System.Data.SQLite.SQLiteCommand.GetStatement(Int32 index)
   at System.Data.SQLite.SQLiteDataReader.NextResult()
   at System.Data.SQLite.SQLiteDataReader..ctor(SQLiteCommand cmd, CommandBehavior behave)
   at System.Data.SQLite.SQLiteCommand.ExecuteReader(CommandBehavior behavior)
   at System.Data.SQLite.SQLiteCommand.ExecuteNonQuery(CommandBehavior behavior)
   at System.Data.SQLite.SQLiteCommand.ExecuteNonQuery()
   at Dapper.SqlMapper.ExecuteCommand(IDbConnection cnn, CommandDefinition& command, Action`2 paramReader) in /_/Dapper/SqlMapper.cs:line 2965
   at Dapper.SqlMapper.ExecuteImpl(IDbConnection cnn, CommandDefinition& command) in /_/Dapper/SqlMapper.cs:line 656
   at Dapper.SqlMapper.Execute(IDbConnection cnn, String sql, Object param, IDbTransaction transaction, Nullable`1 commandTimeout, Nullable`1 commandType) in /_/Dapper/SqlMapper.cs:line 527
   at BusBuddy.Data.DatabaseManager.Cleanup() in C:\Users\steve.mckitrick\Desktop\BusBuddy\Data\DatabaseManager.cs:line 574
2025-04-22 10:05:48.873 -06:00 [INF] Starting BusBuddy application
2025-04-22 10:05:49.363 -06:00 [FTL] Application terminated unexpectedly
code = Constraint (19), message = System.Data.SQLite.SQLiteException (0x87AF202F): constraint failed
UNIQUE constraint failed: SchemaVersion.Version
   at System.Data.SQLite.SQLite3.Step(SQLiteStatement stmt)
   at System.Data.SQLite.SQLiteDataReader.Step(SQLiteStatement statement)
   at System.Data.SQLite.SQLiteDataReader.NextResult()
   at System.Data.SQLite.SQLiteDataReader..ctor(SQLiteCommand cmd, CommandBehavior behave)
   at System.Data.SQLite.SQLiteCommand.ExecuteReader(CommandBehavior behavior)
   at System.Data.SQLite.SQLiteCommand.ExecuteNonQuery(CommandBehavior behavior)
   at System.Data.SQLite.SQLiteCommand.ExecuteNonQuery()
   at Dapper.SqlMapper.ExecuteCommand(IDbConnection cnn, CommandDefinition& command, Action`2 paramReader) in /_/Dapper/SqlMapper.cs:line 2965
   at Dapper.SqlMapper.ExecuteImpl(IDbConnection cnn, CommandDefinition& command) in /_/Dapper/SqlMapper.cs:line 656
   at Dapper.SqlMapper.Execute(IDbConnection cnn, String sql, Object param, IDbTransaction transaction, Nullable`1 commandTimeout, Nullable`1 commandType) in /_/Dapper/SqlMapper.cs:line 527
   at BusBuddy.Data.DatabaseManager.ApplyPendingMigrations() in C:\Users\steve.mckitrick\Desktop\BusBuddy\Data\DatabaseManager.cs:line 136
   at BusBuddy.Data.DatabaseManager.InitializeDatabase() in C:\Users\steve.mckitrick\Desktop\BusBuddy\Data\DatabaseManager.cs:line 82
   at BusBuddy.Data.DatabaseManager..ctor(ILogger logger) in C:\Users\steve.mckitrick\Desktop\BusBuddy\Data\DatabaseManager.cs:line 42
   at InvokeStub_DatabaseManager..ctor(Object, Span`1)
   at System.Reflection.MethodBaseInvoker.InvokeWithOneArg(Object obj, BindingFlags invokeAttr, Binder binder, Object[] parameters, CultureInfo culture)
   at System.Reflection.RuntimeConstructorInfo.Invoke(BindingFlags invokeAttr, Binder binder, Object[] parameters, CultureInfo culture)
   at Microsoft.Extensions.DependencyInjection.ServiceLookup.CallSiteRuntimeResolver.VisitConstructor(ConstructorCallSite constructorCallSite, RuntimeResolverContext context)
   at Microsoft.Extensions.DependencyInjection.ServiceLookup.CallSiteVisitor`2.VisitCallSiteMain(ServiceCallSite callSite, TArgument argument)
   at Microsoft.Extensions.DependencyInjection.ServiceLookup.CallSiteRuntimeResolver.VisitRootCache(ServiceCallSite callSite, RuntimeResolverContext context)
   at Microsoft.Extensions.DependencyInjection.ServiceLookup.CallSiteVisitor`2.VisitCallSite(ServiceCallSite callSite, TArgument argument)
   at Microsoft.Extensions.DependencyInjection.ServiceLookup.CallSiteRuntimeResolver.Resolve(ServiceCallSite callSite, ServiceProviderEngineScope scope)
   at Microsoft.Extensions.DependencyInjection.ServiceProvider.CreateServiceAccessor(ServiceIdentifier serviceIdentifier)
   at System.Collections.Concurrent.ConcurrentDictionary`2.GetOrAdd(TKey key, Func`2 valueFactory)
   at Microsoft.Extensions.DependencyInjection.ServiceProvider.GetService(ServiceIdentifier serviceIdentifier, ServiceProviderEngineScope serviceProviderEngineScope)
   at Microsoft.Extensions.DependencyInjection.ServiceProvider.GetService(Type serviceType)
   at Microsoft.Extensions.DependencyInjection.ServiceProviderServiceExtensions.GetRequiredService(IServiceProvider provider, Type serviceType)
   at Microsoft.Extensions.DependencyInjection.ServiceProviderServiceExtensions.GetRequiredService[T](IServiceProvider provider)
   at BusBuddy.Program.Main() in C:\Users\steve.mckitrick\Desktop\BusBuddy\Program.cs:line 47
2025-04-22 10:07:41.545 -06:00 [ERR] Error during database cleanup.
code = Error (1), message = System.Data.SQLite.SQLiteException (0x87AF001F): SQL logic error
no such table: Fuel
   at System.Data.SQLite.SQLite3.Prepare(SQLiteConnection cnn, SQLiteCommand command, String strSql, SQLiteStatement previous, UInt32 timeoutMS, String& strRemain)
   at System.Data.SQLite.SQLiteCommand.BuildNextCommand()
   at System.Data.SQLite.SQLiteCommand.GetStatement(Int32 index)
   at System.Data.SQLite.SQLiteDataReader.NextResult()
   at System.Data.SQLite.SQLiteDataReader..ctor(SQLiteCommand cmd, CommandBehavior behave)
   at System.Data.SQLite.SQLiteCommand.ExecuteReader(CommandBehavior behavior)
   at System.Data.SQLite.SQLiteCommand.ExecuteNonQuery(CommandBehavior behavior)
   at System.Data.SQLite.SQLiteCommand.ExecuteNonQuery()
   at Dapper.SqlMapper.ExecuteCommand(IDbConnection cnn, CommandDefinition& command, Action`2 paramReader) in /_/Dapper/SqlMapper.cs:line 2965
   at Dapper.SqlMapper.ExecuteImpl(IDbConnection cnn, CommandDefinition& command) in /_/Dapper/SqlMapper.cs:line 656
   at Dapper.SqlMapper.Execute(IDbConnection cnn, String sql, Object param, IDbTransaction transaction, Nullable`1 commandTimeout, Nullable`1 commandType) in /_/Dapper/SqlMapper.cs:line 527
   at BusBuddy.Data.DatabaseManager.Cleanup() in C:\Users\steve.mckitrick\Desktop\BusBuddy\Data\DatabaseManager.cs:line 574
2025-04-22 12:11:15.937 -06:00 [INF] Starting BusBuddy application
2025-04-22 12:11:16.430 -06:00 [FTL] Application terminated unexpectedly
code = Error (1), message = System.Data.SQLite.SQLiteException (0x87AF001F): SQL logic error
near "EXISTS": syntax error
   at System.Data.SQLite.SQLite3.Prepare(SQLiteConnection cnn, SQLiteCommand command, String strSql, SQLiteStatement previous, UInt32 timeoutMS, String& strRemain)
   at System.Data.SQLite.SQLiteCommand.BuildNextCommand()
   at System.Data.SQLite.SQLiteCommand.GetStatement(Int32 index)
   at System.Data.SQLite.SQLiteDataReader.NextResult()
   at System.Data.SQLite.SQLiteDataReader..ctor(SQLiteCommand cmd, CommandBehavior behave)
   at System.Data.SQLite.SQLiteCommand.ExecuteReader(CommandBehavior behavior)
   at System.Data.SQLite.SQLiteCommand.ExecuteNonQuery(CommandBehavior behavior)
   at System.Data.SQLite.SQLiteCommand.ExecuteNonQuery()
   at Dapper.SqlMapper.ExecuteCommand(IDbConnection cnn, CommandDefinition& command, Action`2 paramReader) in /_/Dapper/SqlMapper.cs:line 2965
   at Dapper.SqlMapper.ExecuteImpl(IDbConnection cnn, CommandDefinition& command) in /_/Dapper/SqlMapper.cs:line 656
   at Dapper.SqlMapper.Execute(IDbConnection cnn, String sql, Object param, IDbTransaction transaction, Nullable`1 commandTimeout, Nullable`1 commandType) in /_/Dapper/SqlMapper.cs:line 527
   at BusBuddy.Data.DatabaseManager.ApplyPendingMigrations() in C:\Users\steve.mckitrick\Desktop\BusBuddy\Data\DatabaseManager.cs:line 351
   at BusBuddy.Data.DatabaseManager.InitializeDatabase() in C:\Users\steve.mckitrick\Desktop\BusBuddy\Data\DatabaseManager.cs:line 252
   at BusBuddy.Data.DatabaseManager..ctor(ILogger logger) in C:\Users\steve.mckitrick\Desktop\BusBuddy\Data\DatabaseManager.cs:line 185
   at InvokeStub_DatabaseManager..ctor(Object, Span`1)
   at System.Reflection.MethodBaseInvoker.InvokeWithOneArg(Object obj, BindingFlags invokeAttr, Binder binder, Object[] parameters, CultureInfo culture)
   at System.Reflection.RuntimeConstructorInfo.Invoke(BindingFlags invokeAttr, Binder binder, Object[] parameters, CultureInfo culture)
   at Microsoft.Extensions.DependencyInjection.ServiceLookup.CallSiteRuntimeResolver.VisitConstructor(ConstructorCallSite constructorCallSite, RuntimeResolverContext context)
   at Microsoft.Extensions.DependencyInjection.ServiceLookup.CallSiteVisitor`2.VisitCallSiteMain(ServiceCallSite callSite, TArgument argument)
   at Microsoft.Extensions.DependencyInjection.ServiceLookup.CallSiteRuntimeResolver.VisitRootCache(ServiceCallSite callSite, RuntimeResolverContext context)
   at Microsoft.Extensions.DependencyInjection.ServiceLookup.CallSiteVisitor`2.VisitCallSite(ServiceCallSite callSite, TArgument argument)
   at Microsoft.Extensions.DependencyInjection.ServiceLookup.CallSiteRuntimeResolver.Resolve(ServiceCallSite callSite, ServiceProviderEngineScope scope)
   at Microsoft.Extensions.DependencyInjection.ServiceProvider.CreateServiceAccessor(ServiceIdentifier serviceIdentifier)
   at System.Collections.Concurrent.ConcurrentDictionary`2.GetOrAdd(TKey key, Func`2 valueFactory)
   at Microsoft.Extensions.DependencyInjection.ServiceProvider.GetService(ServiceIdentifier serviceIdentifier, ServiceProviderEngineScope serviceProviderEngineScope)
   at Microsoft.Extensions.DependencyInjection.ServiceProvider.GetService(Type serviceType)
   at Microsoft.Extensions.DependencyInjection.ServiceProviderServiceExtensions.GetRequiredService(IServiceProvider provider, Type serviceType)
   at Microsoft.Extensions.DependencyInjection.ServiceProviderServiceExtensions.GetRequiredService[T](IServiceProvider provider)
   at BusBuddy.Program.Main() in C:\Users\steve.mckitrick\Desktop\BusBuddy\Program.cs:line 47
2025-04-22 12:16:07.570 -06:00 [INF] Starting BusBuddy application
2025-04-22 12:16:07.745 -06:00 [FTL] Application terminated unexpectedly
code = Error (1), message = System.Data.SQLite.SQLiteException (0x87AF001F): SQL logic error
near "EXISTS": syntax error
   at System.Data.SQLite.SQLite3.Prepare(SQLiteConnection cnn, SQLiteCommand command, String strSql, SQLiteStatement previous, UInt32 timeoutMS, String& strRemain)
   at System.Data.SQLite.SQLiteCommand.BuildNextCommand()
   at System.Data.SQLite.SQLiteCommand.GetStatement(Int32 index)
   at System.Data.SQLite.SQLiteDataReader.NextResult()
   at System.Data.SQLite.SQLiteDataReader..ctor(SQLiteCommand cmd, CommandBehavior behave)
   at System.Data.SQLite.SQLiteCommand.ExecuteReader(CommandBehavior behavior)
   at System.Data.SQLite.SQLiteCommand.ExecuteNonQuery(CommandBehavior behavior)
   at System.Data.SQLite.SQLiteCommand.ExecuteNonQuery()
   at Dapper.SqlMapper.ExecuteCommand(IDbConnection cnn, CommandDefinition& command, Action`2 paramReader) in /_/Dapper/SqlMapper.cs:line 2965
   at Dapper.SqlMapper.ExecuteImpl(IDbConnection cnn, CommandDefinition& command) in /_/Dapper/SqlMapper.cs:line 656
   at Dapper.SqlMapper.Execute(IDbConnection cnn, String sql, Object param, IDbTransaction transaction, Nullable`1 commandTimeout, Nullable`1 commandType) in /_/Dapper/SqlMapper.cs:line 527
   at BusBuddy.Data.DatabaseManager.ApplyPendingMigrations() in C:\Users\steve.mckitrick\Desktop\BusBuddy\Data\DatabaseManager.cs:line 351
   at BusBuddy.Data.DatabaseManager.InitializeDatabase() in C:\Users\steve.mckitrick\Desktop\BusBuddy\Data\DatabaseManager.cs:line 252
   at BusBuddy.Data.DatabaseManager..ctor(ILogger logger) in C:\Users\steve.mckitrick\Desktop\BusBuddy\Data\DatabaseManager.cs:line 185
   at System.RuntimeMethodHandle.InvokeMethod(Object target, Void** arguments, Signature sig, Boolean isConstructor)
   at System.Reflection.MethodBaseInvoker.InvokeDirectByRefWithFewArgs(Object obj, Span`1 copyOfArgs, BindingFlags invokeAttr)
   at System.Reflection.MethodBaseInvoker.InvokeWithOneArg(Object obj, BindingFlags invokeAttr, Binder binder, Object[] parameters, CultureInfo culture)
   at System.Reflection.RuntimeConstructorInfo.Invoke(BindingFlags invokeAttr, Binder binder, Object[] parameters, CultureInfo culture)
   at Microsoft.Extensions.DependencyInjection.ServiceLookup.CallSiteRuntimeResolver.VisitConstructor(ConstructorCallSite constructorCallSite, RuntimeResolverContext context)
   at Microsoft.Extensions.DependencyInjection.ServiceLookup.CallSiteVisitor`2.VisitCallSiteMain(ServiceCallSite callSite, TArgument argument)
   at Microsoft.Extensions.DependencyInjection.ServiceLookup.CallSiteRuntimeResolver.VisitRootCache(ServiceCallSite callSite, RuntimeResolverContext context)
   at Microsoft.Extensions.DependencyInjection.ServiceLookup.CallSiteVisitor`2.VisitCallSite(ServiceCallSite callSite, TArgument argument)
   at Microsoft.Extensions.DependencyInjection.ServiceLookup.CallSiteRuntimeResolver.Resolve(ServiceCallSite callSite, ServiceProviderEngineScope scope)
   at Microsoft.Extensions.DependencyInjection.ServiceProvider.CreateServiceAccessor(ServiceIdentifier serviceIdentifier)
   at System.Collections.Concurrent.ConcurrentDictionary`2.GetOrAdd(TKey key, Func`2 valueFactory)
   at Microsoft.Extensions.DependencyInjection.ServiceProvider.GetService(ServiceIdentifier serviceIdentifier, ServiceProviderEngineScope serviceProviderEngineScope)
   at Microsoft.Extensions.DependencyInjection.ServiceProvider.GetService(Type serviceType)
   at Microsoft.Extensions.DependencyInjection.ServiceProviderServiceExtensions.GetRequiredService(IServiceProvider provider, Type serviceType)
   at Microsoft.Extensions.DependencyInjection.ServiceProviderServiceExtensions.GetRequiredService[T](IServiceProvider provider)
   at BusBuddy.Program.Main() in C:\Users\steve.mckitrick\Desktop\BusBuddy\Program.cs:line 47
2025-04-22 13:48:47.473 -06:00 [INF] Starting BusBuddy application
2025-04-22 13:48:47.661 -06:00 [FTL] Application terminated unexpectedly
code = Error (1), message = System.Data.SQLite.SQLiteException (0x87AF001F): SQL logic error
near "EXISTS": syntax error
   at System.Data.SQLite.SQLite3.Prepare(SQLiteConnection cnn, SQLiteCommand command, String strSql, SQLiteStatement previous, UInt32 timeoutMS, String& strRemain)
   at System.Data.SQLite.SQLiteCommand.BuildNextCommand()
   at System.Data.SQLite.SQLiteCommand.GetStatement(Int32 index)
   at System.Data.SQLite.SQLiteDataReader.NextResult()
   at System.Data.SQLite.SQLiteDataReader..ctor(SQLiteCommand cmd, CommandBehavior behave)
   at System.Data.SQLite.SQLiteCommand.ExecuteReader(CommandBehavior behavior)
   at System.Data.SQLite.SQLiteCommand.ExecuteNonQuery(CommandBehavior behavior)
   at System.Data.SQLite.SQLiteCommand.ExecuteNonQuery()
   at Dapper.SqlMapper.ExecuteCommand(IDbConnection cnn, CommandDefinition& command, Action`2 paramReader) in /_/Dapper/SqlMapper.cs:line 2965
   at Dapper.SqlMapper.ExecuteImpl(IDbConnection cnn, CommandDefinition& command) in /_/Dapper/SqlMapper.cs:line 656
   at Dapper.SqlMapper.Execute(IDbConnection cnn, String sql, Object param, IDbTransaction transaction, Nullable`1 commandTimeout, Nullable`1 commandType) in /_/Dapper/SqlMapper.cs:line 527
   at BusBuddy.Data.DatabaseManager.ApplyPendingMigrations() in C:\Users\steve.mckitrick\Desktop\BusBuddy\Data\DatabaseManager.cs:line 351
   at BusBuddy.Data.DatabaseManager.InitializeDatabase() in C:\Users\steve.mckitrick\Desktop\BusBuddy\Data\DatabaseManager.cs:line 252
   at BusBuddy.Data.DatabaseManager..ctor(ILogger logger) in C:\Users\steve.mckitrick\Desktop\BusBuddy\Data\DatabaseManager.cs:line 185
   at System.RuntimeMethodHandle.InvokeMethod(Object target, Void** arguments, Signature sig, Boolean isConstructor)
   at System.Reflection.MethodBaseInvoker.InvokeDirectByRefWithFewArgs(Object obj, Span`1 copyOfArgs, BindingFlags invokeAttr)
   at System.Reflection.MethodBaseInvoker.InvokeWithOneArg(Object obj, BindingFlags invokeAttr, Binder binder, Object[] parameters, CultureInfo culture)
   at System.Reflection.RuntimeConstructorInfo.Invoke(BindingFlags invokeAttr, Binder binder, Object[] parameters, CultureInfo culture)
   at Microsoft.Extensions.DependencyInjection.ServiceLookup.CallSiteRuntimeResolver.VisitConstructor(ConstructorCallSite constructorCallSite, RuntimeResolverContext context)
   at Microsoft.Extensions.DependencyInjection.ServiceLookup.CallSiteVisitor`2.VisitCallSiteMain(ServiceCallSite callSite, TArgument argument)
   at Microsoft.Extensions.DependencyInjection.ServiceLookup.CallSiteRuntimeResolver.VisitRootCache(ServiceCallSite callSite, RuntimeResolverContext context)
   at Microsoft.Extensions.DependencyInjection.ServiceLookup.CallSiteVisitor`2.VisitCallSite(ServiceCallSite callSite, TArgument argument)
   at Microsoft.Extensions.DependencyInjection.ServiceLookup.CallSiteRuntimeResolver.Resolve(ServiceCallSite callSite, ServiceProviderEngineScope scope)
   at Microsoft.Extensions.DependencyInjection.ServiceProvider.CreateServiceAccessor(ServiceIdentifier serviceIdentifier)
   at System.Collections.Concurrent.ConcurrentDictionary`2.GetOrAdd(TKey key, Func`2 valueFactory)
   at Microsoft.Extensions.DependencyInjection.ServiceProvider.GetService(ServiceIdentifier serviceIdentifier, ServiceProviderEngineScope serviceProviderEngineScope)
   at Microsoft.Extensions.DependencyInjection.ServiceProvider.GetService(Type serviceType)
   at Microsoft.Extensions.DependencyInjection.ServiceProviderServiceExtensions.GetRequiredService(IServiceProvider provider, Type serviceType)
   at Microsoft.Extensions.DependencyInjection.ServiceProviderServiceExtensions.GetRequiredService[T](IServiceProvider provider)
   at BusBuddy.Program.Main() in C:\Users\steve.mckitrick\Desktop\BusBuddy\Program.cs:line 47
2025-04-22 13:58:38.222 -06:00 [ERR] Error during database cleanup.
code = Error (1), message = System.Data.SQLite.SQLiteException (0x87AF001F): SQL logic error
no such table: Fuel
   at System.Data.SQLite.SQLite3.Prepare(SQLiteConnection cnn, SQLiteCommand command, String strSql, SQLiteStatement previous, UInt32 timeoutMS, String& strRemain)
   at System.Data.SQLite.SQLiteCommand.BuildNextCommand()
   at System.Data.SQLite.SQLiteCommand.GetStatement(Int32 index)
   at System.Data.SQLite.SQLiteDataReader.NextResult()
   at System.Data.SQLite.SQLiteDataReader..ctor(SQLiteCommand cmd, CommandBehavior behave)
   at System.Data.SQLite.SQLiteCommand.ExecuteReader(CommandBehavior behavior)
   at System.Data.SQLite.SQLiteCommand.ExecuteNonQuery(CommandBehavior behavior)
   at System.Data.SQLite.SQLiteCommand.ExecuteNonQuery()
   at Dapper.SqlMapper.ExecuteCommand(IDbConnection cnn, CommandDefinition& command, Action`2 paramReader) in /_/Dapper/SqlMapper.cs:line 2965
   at Dapper.SqlMapper.ExecuteImpl(IDbConnection cnn, CommandDefinition& command) in /_/Dapper/SqlMapper.cs:line 656
   at Dapper.SqlMapper.Execute(IDbConnection cnn, String sql, Object param, IDbTransaction transaction, Nullable`1 commandTimeout, Nullable`1 commandType) in /_/Dapper/SqlMapper.cs:line 527
   at BusBuddy.Data.DatabaseManager.Cleanup() in C:\Users\steve.mckitrick\Desktop\BusBuddy\Data\DatabaseManager.cs:line 1309
2025-04-22 13:58:39.568 -06:00 [INF] Starting BusBuddy application
2025-04-22 13:58:39.727 -06:00 [FTL] Application terminated unexpectedly
code = Error (1), message = System.Data.SQLite.SQLiteException (0x87AF001F): SQL logic error
near "EXISTS": syntax error
   at System.Data.SQLite.SQLite3.Prepare(SQLiteConnection cnn, SQLiteCommand command, String strSql, SQLiteStatement previous, UInt32 timeoutMS, String& strRemain)
   at System.Data.SQLite.SQLiteCommand.BuildNextCommand()
   at System.Data.SQLite.SQLiteCommand.GetStatement(Int32 index)
   at System.Data.SQLite.SQLiteDataReader.NextResult()
   at System.Data.SQLite.SQLiteDataReader..ctor(SQLiteCommand cmd, CommandBehavior behave)
   at System.Data.SQLite.SQLiteCommand.ExecuteReader(CommandBehavior behavior)
   at System.Data.SQLite.SQLiteCommand.ExecuteNonQuery(CommandBehavior behavior)
   at System.Data.SQLite.SQLiteCommand.ExecuteNonQuery()
   at Dapper.SqlMapper.ExecuteCommand(IDbConnection cnn, CommandDefinition& command, Action`2 paramReader) in /_/Dapper/SqlMapper.cs:line 2965
   at Dapper.SqlMapper.ExecuteImpl(IDbConnection cnn, CommandDefinition& command) in /_/Dapper/SqlMapper.cs:line 656
   at Dapper.SqlMapper.Execute(IDbConnection cnn, String sql, Object param, IDbTransaction transaction, Nullable`1 commandTimeout, Nullable`1 commandType) in /_/Dapper/SqlMapper.cs:line 527
   at BusBuddy.Data.DatabaseManager.ApplyPendingMigrations() in C:\Users\steve.mckitrick\Desktop\BusBuddy\Data\DatabaseManager.cs:line 351
   at BusBuddy.Data.DatabaseManager.InitializeDatabase() in C:\Users\steve.mckitrick\Desktop\BusBuddy\Data\DatabaseManager.cs:line 252
   at BusBuddy.Data.DatabaseManager..ctor(ILogger logger) in C:\Users\steve.mckitrick\Desktop\BusBuddy\Data\DatabaseManager.cs:line 185
   at System.RuntimeMethodHandle.InvokeMethod(Object target, Void** arguments, Signature sig, Boolean isConstructor)
   at System.Reflection.MethodBaseInvoker.InvokeDirectByRefWithFewArgs(Object obj, Span`1 copyOfArgs, BindingFlags invokeAttr)
   at System.Reflection.MethodBaseInvoker.InvokeWithOneArg(Object obj, BindingFlags invokeAttr, Binder binder, Object[] parameters, CultureInfo culture)
   at System.Reflection.RuntimeConstructorInfo.Invoke(BindingFlags invokeAttr, Binder binder, Object[] parameters, CultureInfo culture)
   at Microsoft.Extensions.DependencyInjection.ServiceLookup.CallSiteRuntimeResolver.VisitConstructor(ConstructorCallSite constructorCallSite, RuntimeResolverContext context)
   at Microsoft.Extensions.DependencyInjection.ServiceLookup.CallSiteVisitor`2.VisitCallSiteMain(ServiceCallSite callSite, TArgument argument)
   at Microsoft.Extensions.DependencyInjection.ServiceLookup.CallSiteRuntimeResolver.VisitRootCache(ServiceCallSite callSite, RuntimeResolverContext context)
   at Microsoft.Extensions.DependencyInjection.ServiceLookup.CallSiteVisitor`2.VisitCallSite(ServiceCallSite callSite, TArgument argument)
   at Microsoft.Extensions.DependencyInjection.ServiceLookup.CallSiteRuntimeResolver.Resolve(ServiceCallSite callSite, ServiceProviderEngineScope scope)
   at Microsoft.Extensions.DependencyInjection.ServiceProvider.CreateServiceAccessor(ServiceIdentifier serviceIdentifier)
   at System.Collections.Concurrent.ConcurrentDictionary`2.GetOrAdd(TKey key, Func`2 valueFactory)
   at Microsoft.Extensions.DependencyInjection.ServiceProvider.GetService(ServiceIdentifier serviceIdentifier, ServiceProviderEngineScope serviceProviderEngineScope)
   at Microsoft.Extensions.DependencyInjection.ServiceProvider.GetService(Type serviceType)
   at Microsoft.Extensions.DependencyInjection.ServiceProviderServiceExtensions.GetRequiredService(IServiceProvider provider, Type serviceType)
   at Microsoft.Extensions.DependencyInjection.ServiceProviderServiceExtensions.GetRequiredService[T](IServiceProvider provider)
   at BusBuddy.Program.Main() in C:\Users\steve.mckitrick\Desktop\BusBuddy\Program.cs:line 47
2025-04-22 13:58:43.137 -06:00 [ERR] Error during database cleanup.
code = Error (1), message = System.Data.SQLite.SQLiteException (0x87AF001F): SQL logic error
no such table: Fuel
   at System.Data.SQLite.SQLite3.Prepare(SQLiteConnection cnn, SQLiteCommand command, String strSql, SQLiteStatement previous, UInt32 timeoutMS, String& strRemain)
   at System.Data.SQLite.SQLiteCommand.BuildNextCommand()
   at System.Data.SQLite.SQLiteCommand.GetStatement(Int32 index)
   at System.Data.SQLite.SQLiteDataReader.NextResult()
   at System.Data.SQLite.SQLiteDataReader..ctor(SQLiteCommand cmd, CommandBehavior behave)
   at System.Data.SQLite.SQLiteCommand.ExecuteReader(CommandBehavior behavior)
   at System.Data.SQLite.SQLiteCommand.ExecuteNonQuery(CommandBehavior behavior)
   at System.Data.SQLite.SQLiteCommand.ExecuteNonQuery()
   at Dapper.SqlMapper.ExecuteCommand(IDbConnection cnn, CommandDefinition& command, Action`2 paramReader) in /_/Dapper/SqlMapper.cs:line 2965
   at Dapper.SqlMapper.ExecuteImpl(IDbConnection cnn, CommandDefinition& command) in /_/Dapper/SqlMapper.cs:line 656
   at Dapper.SqlMapper.Execute(IDbConnection cnn, String sql, Object param, IDbTransaction transaction, Nullable`1 commandTimeout, Nullable`1 commandType) in /_/Dapper/SqlMapper.cs:line 527
   at BusBuddy.Data.DatabaseManager.Cleanup() in C:\Users\steve.mckitrick\Desktop\BusBuddy\Data\DatabaseManager.cs:line 1309
2025-04-22 14:02:01.756 -06:00 [INF] Starting BusBuddy application
2025-04-22 14:02:01.915 -06:00 [FTL] Application terminated unexpectedly
code = Error (1), message = System.Data.SQLite.SQLiteException (0x87AF001F): SQL logic error
near "EXISTS": syntax error
   at System.Data.SQLite.SQLite3.Prepare(SQLiteConnection cnn, SQLiteCommand command, String strSql, SQLiteStatement previous, UInt32 timeoutMS, String& strRemain)
   at System.Data.SQLite.SQLiteCommand.BuildNextCommand()
   at System.Data.SQLite.SQLiteCommand.GetStatement(Int32 index)
   at System.Data.SQLite.SQLiteDataReader.NextResult()
   at System.Data.SQLite.SQLiteDataReader..ctor(SQLiteCommand cmd, CommandBehavior behave)
   at System.Data.SQLite.SQLiteCommand.ExecuteReader(CommandBehavior behavior)
   at System.Data.SQLite.SQLiteCommand.ExecuteNonQuery(CommandBehavior behavior)
   at System.Data.SQLite.SQLiteCommand.ExecuteNonQuery()
   at Dapper.SqlMapper.ExecuteCommand(IDbConnection cnn, CommandDefinition& command, Action`2 paramReader) in /_/Dapper/SqlMapper.cs:line 2965
   at Dapper.SqlMapper.ExecuteImpl(IDbConnection cnn, CommandDefinition& command) in /_/Dapper/SqlMapper.cs:line 656
   at Dapper.SqlMapper.Execute(IDbConnection cnn, String sql, Object param, IDbTransaction transaction, Nullable`1 commandTimeout, Nullable`1 commandType) in /_/Dapper/SqlMapper.cs:line 527
   at BusBuddy.Data.DatabaseManager.ApplyPendingMigrations() in C:\Users\steve.mckitrick\Desktop\BusBuddy\Data\DatabaseManager.cs:line 351
   at BusBuddy.Data.DatabaseManager.InitializeDatabase() in C:\Users\steve.mckitrick\Desktop\BusBuddy\Data\DatabaseManager.cs:line 252
   at BusBuddy.Data.DatabaseManager..ctor(ILogger logger) in C:\Users\steve.mckitrick\Desktop\BusBuddy\Data\DatabaseManager.cs:line 185
   at System.RuntimeMethodHandle.InvokeMethod(Object target, Void** arguments, Signature sig, Boolean isConstructor)
   at System.Reflection.MethodBaseInvoker.InvokeDirectByRefWithFewArgs(Object obj, Span`1 copyOfArgs, BindingFlags invokeAttr)
   at System.Reflection.MethodBaseInvoker.InvokeWithOneArg(Object obj, BindingFlags invokeAttr, Binder binder, Object[] parameters, CultureInfo culture)
   at System.Reflection.RuntimeConstructorInfo.Invoke(BindingFlags invokeAttr, Binder binder, Object[] parameters, CultureInfo culture)
   at Microsoft.Extensions.DependencyInjection.ServiceLookup.CallSiteRuntimeResolver.VisitConstructor(ConstructorCallSite constructorCallSite, RuntimeResolverContext context)
   at Microsoft.Extensions.DependencyInjection.ServiceLookup.CallSiteVisitor`2.VisitCallSiteMain(ServiceCallSite callSite, TArgument argument)
   at Microsoft.Extensions.DependencyInjection.ServiceLookup.CallSiteRuntimeResolver.VisitRootCache(ServiceCallSite callSite, RuntimeResolverContext context)
   at Microsoft.Extensions.DependencyInjection.ServiceLookup.CallSiteVisitor`2.VisitCallSite(ServiceCallSite callSite, TArgument argument)
   at Microsoft.Extensions.DependencyInjection.ServiceLookup.CallSiteRuntimeResolver.Resolve(ServiceCallSite callSite, ServiceProviderEngineScope scope)
   at Microsoft.Extensions.DependencyInjection.ServiceProvider.CreateServiceAccessor(ServiceIdentifier serviceIdentifier)
   at System.Collections.Concurrent.ConcurrentDictionary`2.GetOrAdd(TKey key, Func`2 valueFactory)
   at Microsoft.Extensions.DependencyInjection.ServiceProvider.GetService(ServiceIdentifier serviceIdentifier, ServiceProviderEngineScope serviceProviderEngineScope)
   at Microsoft.Extensions.DependencyInjection.ServiceProvider.GetService(Type serviceType)
   at Microsoft.Extensions.DependencyInjection.ServiceProviderServiceExtensions.GetRequiredService(IServiceProvider provider, Type serviceType)
   at Microsoft.Extensions.DependencyInjection.ServiceProviderServiceExtensions.GetRequiredService[T](IServiceProvider provider)
   at BusBuddy.Program.Main() in C:\Users\steve.mckitrick\Desktop\BusBuddy\Program.cs:line 47
2025-04-22 14:02:04.632 -06:00 [ERR] Error during database cleanup.
code = Error (1), message = System.Data.SQLite.SQLiteException (0x87AF001F): SQL logic error
no such table: Fuel
   at System.Data.SQLite.SQLite3.Prepare(SQLiteConnection cnn, SQLiteCommand command, String strSql, SQLiteStatement previous, UInt32 timeoutMS, String& strRemain)
   at System.Data.SQLite.SQLiteCommand.BuildNextCommand()
   at System.Data.SQLite.SQLiteCommand.GetStatement(Int32 index)
   at System.Data.SQLite.SQLiteDataReader.NextResult()
   at System.Data.SQLite.SQLiteDataReader..ctor(SQLiteCommand cmd, CommandBehavior behave)
   at System.Data.SQLite.SQLiteCommand.ExecuteReader(CommandBehavior behavior)
   at System.Data.SQLite.SQLiteCommand.ExecuteNonQuery(CommandBehavior behavior)
   at System.Data.SQLite.SQLiteCommand.ExecuteNonQuery()
   at Dapper.SqlMapper.ExecuteCommand(IDbConnection cnn, CommandDefinition& command, Action`2 paramReader) in /_/Dapper/SqlMapper.cs:line 2965
   at Dapper.SqlMapper.ExecuteImpl(IDbConnection cnn, CommandDefinition& command) in /_/Dapper/SqlMapper.cs:line 656
   at Dapper.SqlMapper.Execute(IDbConnection cnn, String sql, Object param, IDbTransaction transaction, Nullable`1 commandTimeout, Nullable`1 commandType) in /_/Dapper/SqlMapper.cs:line 527
   at BusBuddy.Data.DatabaseManager.Cleanup() in C:\Users\steve.mckitrick\Desktop\BusBuddy\Data\DatabaseManager.cs:line 1309
2025-04-22 14:04:31.709 -06:00 [INF] Starting BusBuddy application
2025-04-22 14:04:32.207 -06:00 [FTL] Application terminated unexpectedly
code = Error (1), message = System.Data.SQLite.SQLiteException (0x87AF001F): SQL logic error
near "EXISTS": syntax error
   at System.Data.SQLite.SQLite3.Prepare(SQLiteConnection cnn, SQLiteCommand command, String strSql, SQLiteStatement previous, UInt32 timeoutMS, String& strRemain)
   at System.Data.SQLite.SQLiteCommand.BuildNextCommand()
   at System.Data.SQLite.SQLiteCommand.GetStatement(Int32 index)
   at System.Data.SQLite.SQLiteDataReader.NextResult()
   at System.Data.SQLite.SQLiteDataReader..ctor(SQLiteCommand cmd, CommandBehavior behave)
   at System.Data.SQLite.SQLiteCommand.ExecuteReader(CommandBehavior behavior)
   at System.Data.SQLite.SQLiteCommand.ExecuteNonQuery(CommandBehavior behavior)
   at System.Data.SQLite.SQLiteCommand.ExecuteNonQuery()
   at Dapper.SqlMapper.ExecuteCommand(IDbConnection cnn, CommandDefinition& command, Action`2 paramReader) in /_/Dapper/SqlMapper.cs:line 2965
   at Dapper.SqlMapper.ExecuteImpl(IDbConnection cnn, CommandDefinition& command) in /_/Dapper/SqlMapper.cs:line 656
   at Dapper.SqlMapper.Execute(IDbConnection cnn, String sql, Object param, IDbTransaction transaction, Nullable`1 commandTimeout, Nullable`1 commandType) in /_/Dapper/SqlMapper.cs:line 527
   at BusBuddy.Data.DatabaseManager.ApplyPendingMigrations() in C:\Users\steve.mckitrick\Desktop\BusBuddy\Data\DatabaseManager.cs:line 351
   at BusBuddy.Data.DatabaseManager.InitializeDatabase() in C:\Users\steve.mckitrick\Desktop\BusBuddy\Data\DatabaseManager.cs:line 252
   at BusBuddy.Data.DatabaseManager..ctor(ILogger logger) in C:\Users\steve.mckitrick\Desktop\BusBuddy\Data\DatabaseManager.cs:line 185
   at InvokeStub_DatabaseManager..ctor(Object, Span`1)
   at System.Reflection.MethodBaseInvoker.InvokeWithOneArg(Object obj, BindingFlags invokeAttr, Binder binder, Object[] parameters, CultureInfo culture)
   at System.Reflection.RuntimeConstructorInfo.Invoke(BindingFlags invokeAttr, Binder binder, Object[] parameters, CultureInfo culture)
   at Microsoft.Extensions.DependencyInjection.ServiceLookup.CallSiteRuntimeResolver.VisitConstructor(ConstructorCallSite constructorCallSite, RuntimeResolverContext context)
   at Microsoft.Extensions.DependencyInjection.ServiceLookup.CallSiteVisitor`2.VisitCallSiteMain(ServiceCallSite callSite, TArgument argument)
   at Microsoft.Extensions.DependencyInjection.ServiceLookup.CallSiteRuntimeResolver.VisitRootCache(ServiceCallSite callSite, RuntimeResolverContext context)
   at Microsoft.Extensions.DependencyInjection.ServiceLookup.CallSiteVisitor`2.VisitCallSite(ServiceCallSite callSite, TArgument argument)
   at Microsoft.Extensions.DependencyInjection.ServiceLookup.CallSiteRuntimeResolver.Resolve(ServiceCallSite callSite, ServiceProviderEngineScope scope)
   at Microsoft.Extensions.DependencyInjection.ServiceProvider.CreateServiceAccessor(ServiceIdentifier serviceIdentifier)
   at System.Collections.Concurrent.ConcurrentDictionary`2.GetOrAdd(TKey key, Func`2 valueFactory)
   at Microsoft.Extensions.DependencyInjection.ServiceProvider.GetService(ServiceIdentifier serviceIdentifier, ServiceProviderEngineScope serviceProviderEngineScope)
   at Microsoft.Extensions.DependencyInjection.ServiceProvider.GetService(Type serviceType)
   at Microsoft.Extensions.DependencyInjection.ServiceProviderServiceExtensions.GetRequiredService(IServiceProvider provider, Type serviceType)
   at Microsoft.Extensions.DependencyInjection.ServiceProviderServiceExtensions.GetRequiredService[T](IServiceProvider provider)
   at BusBuddy.Program.Main() in C:\Users\steve.mckitrick\Desktop\BusBuddy\Program.cs:line 47
2025-04-22 14:04:56.687 -06:00 [ERR] Error during database cleanup.
code = Error (1), message = System.Data.SQLite.SQLiteException (0x87AF001F): SQL logic error
no such table: Fuel
   at System.Data.SQLite.SQLite3.Prepare(SQLiteConnection cnn, SQLiteCommand command, String strSql, SQLiteStatement previous, UInt32 timeoutMS, String& strRemain)
   at System.Data.SQLite.SQLiteCommand.BuildNextCommand()
   at System.Data.SQLite.SQLiteCommand.GetStatement(Int32 index)
   at System.Data.SQLite.SQLiteDataReader.NextResult()
   at System.Data.SQLite.SQLiteDataReader..ctor(SQLiteCommand cmd, CommandBehavior behave)
   at System.Data.SQLite.SQLiteCommand.ExecuteReader(CommandBehavior behavior)
   at System.Data.SQLite.SQLiteCommand.ExecuteNonQuery(CommandBehavior behavior)
   at System.Data.SQLite.SQLiteCommand.ExecuteNonQuery()
   at Dapper.SqlMapper.ExecuteCommand(IDbConnection cnn, CommandDefinition& command, Action`2 paramReader) in /_/Dapper/SqlMapper.cs:line 2965
   at Dapper.SqlMapper.ExecuteImpl(IDbConnection cnn, CommandDefinition& command) in /_/Dapper/SqlMapper.cs:line 656
   at Dapper.SqlMapper.Execute(IDbConnection cnn, String sql, Object param, IDbTransaction transaction, Nullable`1 commandTimeout, Nullable`1 commandType) in /_/Dapper/SqlMapper.cs:line 527
   at BusBuddy.Data.DatabaseManager.Cleanup() in C:\Users\steve.mckitrick\Desktop\BusBuddy\Data\DatabaseManager.cs:line 1309
2025-04-22 14:11:10.906 -06:00 [INF] Starting BusBuddy application
2025-04-22 14:11:11.087 -06:00 [FTL] Application terminated unexpectedly
code = Error (1), message = System.Data.SQLite.SQLiteException (0x87AF001F): SQL logic error
near "EXISTS": syntax error
   at System.Data.SQLite.SQLite3.Prepare(SQLiteConnection cnn, SQLiteCommand command, String strSql, SQLiteStatement previous, UInt32 timeoutMS, String& strRemain)
   at System.Data.SQLite.SQLiteCommand.BuildNextCommand()
   at System.Data.SQLite.SQLiteCommand.GetStatement(Int32 index)
   at System.Data.SQLite.SQLiteDataReader.NextResult()
   at System.Data.SQLite.SQLiteDataReader..ctor(SQLiteCommand cmd, CommandBehavior behave)
   at System.Data.SQLite.SQLiteCommand.ExecuteReader(CommandBehavior behavior)
   at System.Data.SQLite.SQLiteCommand.ExecuteNonQuery(CommandBehavior behavior)
   at System.Data.SQLite.SQLiteCommand.ExecuteNonQuery()
   at Dapper.SqlMapper.ExecuteCommand(IDbConnection cnn, CommandDefinition& command, Action`2 paramReader) in /_/Dapper/SqlMapper.cs:line 2965
   at Dapper.SqlMapper.ExecuteImpl(IDbConnection cnn, CommandDefinition& command) in /_/Dapper/SqlMapper.cs:line 656
   at Dapper.SqlMapper.Execute(IDbConnection cnn, String sql, Object param, IDbTransaction transaction, Nullable`1 commandTimeout, Nullable`1 commandType) in /_/Dapper/SqlMapper.cs:line 527
   at BusBuddy.Data.DatabaseManager.ApplyPendingMigrations() in C:\Users\steve.mckitrick\Desktop\BusBuddy\Data\DatabaseManager.cs:line 351
   at BusBuddy.Data.DatabaseManager.InitializeDatabase() in C:\Users\steve.mckitrick\Desktop\BusBuddy\Data\DatabaseManager.cs:line 252
   at BusBuddy.Data.DatabaseManager..ctor(ILogger logger) in C:\Users\steve.mckitrick\Desktop\BusBuddy\Data\DatabaseManager.cs:line 185
   at System.RuntimeMethodHandle.InvokeMethod(Object target, Void** arguments, Signature sig, Boolean isConstructor)
   at System.Reflection.MethodBaseInvoker.InvokeDirectByRefWithFewArgs(Object obj, Span`1 copyOfArgs, BindingFlags invokeAttr)
   at System.Reflection.MethodBaseInvoker.InvokeWithOneArg(Object obj, BindingFlags invokeAttr, Binder binder, Object[] parameters, CultureInfo culture)
   at System.Reflection.RuntimeConstructorInfo.Invoke(BindingFlags invokeAttr, Binder binder, Object[] parameters, CultureInfo culture)
   at Microsoft.Extensions.DependencyInjection.ServiceLookup.CallSiteRuntimeResolver.VisitConstructor(ConstructorCallSite constructorCallSite, RuntimeResolverContext context)
   at Microsoft.Extensions.DependencyInjection.ServiceLookup.CallSiteVisitor`2.VisitCallSiteMain(ServiceCallSite callSite, TArgument argument)
   at Microsoft.Extensions.DependencyInjection.ServiceLookup.CallSiteRuntimeResolver.VisitRootCache(ServiceCallSite callSite, RuntimeResolverContext context)
   at Microsoft.Extensions.DependencyInjection.ServiceLookup.CallSiteVisitor`2.VisitCallSite(ServiceCallSite callSite, TArgument argument)
   at Microsoft.Extensions.DependencyInjection.ServiceLookup.CallSiteRuntimeResolver.Resolve(ServiceCallSite callSite, ServiceProviderEngineScope scope)
   at Microsoft.Extensions.DependencyInjection.ServiceProvider.CreateServiceAccessor(ServiceIdentifier serviceIdentifier)
   at System.Collections.Concurrent.ConcurrentDictionary`2.GetOrAdd(TKey key, Func`2 valueFactory)
   at Microsoft.Extensions.DependencyInjection.ServiceProvider.GetService(ServiceIdentifier serviceIdentifier, ServiceProviderEngineScope serviceProviderEngineScope)
   at Microsoft.Extensions.DependencyInjection.ServiceProvider.GetService(Type serviceType)
   at Microsoft.Extensions.DependencyInjection.ServiceProviderServiceExtensions.GetRequiredService(IServiceProvider provider, Type serviceType)
   at Microsoft.Extensions.DependencyInjection.ServiceProviderServiceExtensions.GetRequiredService[T](IServiceProvider provider)
   at BusBuddy.Program.Main() in C:\Users\steve.mckitrick\Desktop\BusBuddy\Program.cs:line 47
2025-04-22 14:11:18.095 -06:00 [ERR] Error during database cleanup.
code = Error (1), message = System.Data.SQLite.SQLiteException (0x87AF001F): SQL logic error
no such table: Fuel
   at System.Data.SQLite.SQLite3.Prepare(SQLiteConnection cnn, SQLiteCommand command, String strSql, SQLiteStatement previous, UInt32 timeoutMS, String& strRemain)
   at System.Data.SQLite.SQLiteCommand.BuildNextCommand()
   at System.Data.SQLite.SQLiteCommand.GetStatement(Int32 index)
   at System.Data.SQLite.SQLiteDataReader.NextResult()
   at System.Data.SQLite.SQLiteDataReader..ctor(SQLiteCommand cmd, CommandBehavior behave)
   at System.Data.SQLite.SQLiteCommand.ExecuteReader(CommandBehavior behavior)
   at System.Data.SQLite.SQLiteCommand.ExecuteNonQuery(CommandBehavior behavior)
   at System.Data.SQLite.SQLiteCommand.ExecuteNonQuery()
   at Dapper.SqlMapper.ExecuteCommand(IDbConnection cnn, CommandDefinition& command, Action`2 paramReader) in /_/Dapper/SqlMapper.cs:line 2965
   at Dapper.SqlMapper.ExecuteImpl(IDbConnection cnn, CommandDefinition& command) in /_/Dapper/SqlMapper.cs:line 656
   at Dapper.SqlMapper.Execute(IDbConnection cnn, String sql, Object param, IDbTransaction transaction, Nullable`1 commandTimeout, Nullable`1 commandType) in /_/Dapper/SqlMapper.cs:line 527
   at BusBuddy.Data.DatabaseManager.Cleanup() in C:\Users\steve.mckitrick\Desktop\BusBuddy\Data\DatabaseManager.cs:line 1309
2025-04-22 18:09:47.699 -06:00 [INF] Starting BusBuddy application configuration...
2025-04-22 18:09:47.794 -06:00 [INF] Starting BusBuddy application UI...
2025-04-22 18:09:47.833 -06:00 [INF] Database file not found at C:\Users\steve.mckitrick\Desktop\BusBuddy\bin\Debug\net9.0-windows\WileySchool.db. Creating...
2025-04-22 18:09:47.838 -06:00 [INF] Database file created.
2025-04-22 18:09:47.910 -06:00 [INF] Applying initial schema from C:\Users\steve.mckitrick\Desktop\BusBuddy\bin\Debug\net9.0-windows\init-db.sql...
2025-04-22 18:09:48.023 -06:00 [INF] Initial schema applied.
2025-04-22 18:09:48.042 -06:00 [INF] Created SchemaVersion table with version 0.
2025-04-22 18:09:48.044 -06:00 [INF] Current database schema version: 0
2025-04-22 18:09:48.053 -06:00 [INF] Found 3 pending migrations.
2025-04-22 18:09:48.053 -06:00 [INF] Applying migration 1...
2025-04-22 18:09:48.055 -06:00 [INF] Successfully applied migration 1. New schema version: 1
2025-04-22 18:09:48.055 -06:00 [INF] Applying migration 2...
2025-04-22 18:09:48.065 -06:00 [INF] Successfully applied migration 2. New schema version: 2
2025-04-22 18:09:48.065 -06:00 [INF] Applying migration 3...
2025-04-22 18:09:48.072 -06:00 [ERR] Failed to apply migrations.
code = Error (1), message = System.Data.SQLite.SQLiteException (0x87AF001F): SQL logic error
no such table: Maintenance
   at System.Data.SQLite.SQLite3.Prepare(SQLiteConnection cnn, SQLiteCommand command, String strSql, SQLiteStatement previous, UInt32 timeoutMS, String& strRemain)
   at System.Data.SQLite.SQLiteCommand.BuildNextCommand()
   at System.Data.SQLite.SQLiteCommand.GetStatement(Int32 index)
   at System.Data.SQLite.SQLiteDataReader.NextResult()
   at System.Data.SQLite.SQLiteDataReader..ctor(SQLiteCommand cmd, CommandBehavior behave)
   at System.Data.SQLite.SQLiteCommand.ExecuteReader(CommandBehavior behavior)
   at System.Data.SQLite.SQLiteCommand.ExecuteNonQuery(CommandBehavior behavior)
   at System.Data.SQLite.SQLiteCommand.ExecuteNonQuery()
   at Dapper.SqlMapper.ExecuteCommand(IDbConnection cnn, CommandDefinition& command, Action`2 paramReader) in /_/Dapper/SqlMapper.cs:line 2965
   at Dapper.SqlMapper.ExecuteImpl(IDbConnection cnn, CommandDefinition& command) in /_/Dapper/SqlMapper.cs:line 656
   at Dapper.SqlMapper.Execute(IDbConnection cnn, String sql, Object param, IDbTransaction transaction, Nullable`1 commandTimeout, Nullable`1 commandType) in /_/Dapper/SqlMapper.cs:line 527
   at BusBuddy.Data.DatabaseManager.<>c.<.ctor>b__8_2(SQLiteConnection conn, SQLiteTransaction trans) in C:\Users\steve.mckitrick\Desktop\BusBuddy\Data\DatabaseManager.cs:line 169
   at BusBuddy.Data.DatabaseManager.ApplyPendingMigrations(SQLiteConnection connection) in C:\Users\steve.mckitrick\Desktop\BusBuddy\Data\DatabaseManager.cs:line 302
2025-04-22 18:09:48.109 -06:00 [ERR] A critical error occurred during database initialization.
code = Error (1), message = System.Data.SQLite.SQLiteException (0x87AF001F): SQL logic error
no such table: Maintenance
   at System.Data.SQLite.SQLite3.Prepare(SQLiteConnection cnn, SQLiteCommand command, String strSql, SQLiteStatement previous, UInt32 timeoutMS, String& strRemain)
   at System.Data.SQLite.SQLiteCommand.BuildNextCommand()
   at System.Data.SQLite.SQLiteCommand.GetStatement(Int32 index)
   at System.Data.SQLite.SQLiteDataReader.NextResult()
   at System.Data.SQLite.SQLiteDataReader..ctor(SQLiteCommand cmd, CommandBehavior behave)
   at System.Data.SQLite.SQLiteCommand.ExecuteReader(CommandBehavior behavior)
   at System.Data.SQLite.SQLiteCommand.ExecuteNonQuery(CommandBehavior behavior)
   at System.Data.SQLite.SQLiteCommand.ExecuteNonQuery()
   at Dapper.SqlMapper.ExecuteCommand(IDbConnection cnn, CommandDefinition& command, Action`2 paramReader) in /_/Dapper/SqlMapper.cs:line 2965
   at Dapper.SqlMapper.ExecuteImpl(IDbConnection cnn, CommandDefinition& command) in /_/Dapper/SqlMapper.cs:line 656
   at Dapper.SqlMapper.Execute(IDbConnection cnn, String sql, Object param, IDbTransaction transaction, Nullable`1 commandTimeout, Nullable`1 commandType) in /_/Dapper/SqlMapper.cs:line 527
   at BusBuddy.Data.DatabaseManager.<>c.<.ctor>b__8_2(SQLiteConnection conn, SQLiteTransaction trans) in C:\Users\steve.mckitrick\Desktop\BusBuddy\Data\DatabaseManager.cs:line 169
   at BusBuddy.Data.DatabaseManager.ApplyPendingMigrations(SQLiteConnection connection) in C:\Users\steve.mckitrick\Desktop\BusBuddy\Data\DatabaseManager.cs:line 302
   at BusBuddy.Data.DatabaseManager.InitializeDatabase() in C:\Users\steve.mckitrick\Desktop\BusBuddy\Data\DatabaseManager.cs:line 260
2025-04-22 18:09:48.112 -06:00 [FTL] Application terminated unexpectedly
code = Error (1), message = System.Data.SQLite.SQLiteException (0x87AF001F): SQL logic error
no such table: Maintenance
   at System.Data.SQLite.SQLite3.Prepare(SQLiteConnection cnn, SQLiteCommand command, String strSql, SQLiteStatement previous, UInt32 timeoutMS, String& strRemain)
   at System.Data.SQLite.SQLiteCommand.BuildNextCommand()
   at System.Data.SQLite.SQLiteCommand.GetStatement(Int32 index)
   at System.Data.SQLite.SQLiteDataReader.NextResult()
   at System.Data.SQLite.SQLiteDataReader..ctor(SQLiteCommand cmd, CommandBehavior behave)
   at System.Data.SQLite.SQLiteCommand.ExecuteReader(CommandBehavior behavior)
   at System.Data.SQLite.SQLiteCommand.ExecuteNonQuery(CommandBehavior behavior)
   at System.Data.SQLite.SQLiteCommand.ExecuteNonQuery()
   at Dapper.SqlMapper.ExecuteCommand(IDbConnection cnn, CommandDefinition& command, Action`2 paramReader) in /_/Dapper/SqlMapper.cs:line 2965
   at Dapper.SqlMapper.ExecuteImpl(IDbConnection cnn, CommandDefinition& command) in /_/Dapper/SqlMapper.cs:line 656
   at Dapper.SqlMapper.Execute(IDbConnection cnn, String sql, Object param, IDbTransaction transaction, Nullable`1 commandTimeout, Nullable`1 commandType) in /_/Dapper/SqlMapper.cs:line 527
   at BusBuddy.Data.DatabaseManager.<>c.<.ctor>b__8_2(SQLiteConnection conn, SQLiteTransaction trans) in C:\Users\steve.mckitrick\Desktop\BusBuddy\Data\DatabaseManager.cs:line 169
   at BusBuddy.Data.DatabaseManager.ApplyPendingMigrations(SQLiteConnection connection) in C:\Users\steve.mckitrick\Desktop\BusBuddy\Data\DatabaseManager.cs:line 302
   at BusBuddy.Data.DatabaseManager.InitializeDatabase() in C:\Users\steve.mckitrick\Desktop\BusBuddy\Data\DatabaseManager.cs:line 260
   at BusBuddy.Data.DatabaseManager..ctor(ILogger`1 logger, IConfiguration configuration) in C:\Users\steve.mckitrick\Desktop\BusBuddy\Data\DatabaseManager.cs:line 215
   at System.RuntimeMethodHandle.InvokeMethod(Object target, Void** arguments, Signature sig, Boolean isConstructor)
   at System.Reflection.MethodBaseInvoker.InvokeDirectByRefWithFewArgs(Object obj, Span`1 copyOfArgs, BindingFlags invokeAttr)
   at System.Reflection.MethodBaseInvoker.InvokeWithFewArgs(Object obj, BindingFlags invokeAttr, Binder binder, Object[] parameters, CultureInfo culture)
   at System.Reflection.RuntimeConstructorInfo.Invoke(BindingFlags invokeAttr, Binder binder, Object[] parameters, CultureInfo culture)
   at Microsoft.Extensions.DependencyInjection.ServiceLookup.CallSiteRuntimeResolver.VisitConstructor(ConstructorCallSite constructorCallSite, RuntimeResolverContext context)
   at Microsoft.Extensions.DependencyInjection.ServiceLookup.CallSiteVisitor`2.VisitCallSiteMain(ServiceCallSite callSite, TArgument argument)
   at Microsoft.Extensions.DependencyInjection.ServiceLookup.CallSiteRuntimeResolver.VisitRootCache(ServiceCallSite callSite, RuntimeResolverContext context)
   at Microsoft.Extensions.DependencyInjection.ServiceLookup.CallSiteVisitor`2.VisitCallSite(ServiceCallSite callSite, TArgument argument)
   at Microsoft.Extensions.DependencyInjection.ServiceLookup.CallSiteRuntimeResolver.Resolve(ServiceCallSite callSite, ServiceProviderEngineScope scope)
   at Microsoft.Extensions.DependencyInjection.ServiceProvider.CreateServiceAccessor(ServiceIdentifier serviceIdentifier)
   at System.Collections.Concurrent.ConcurrentDictionary`2.GetOrAdd(TKey key, Func`2 valueFactory)
   at Microsoft.Extensions.DependencyInjection.ServiceProvider.GetService(ServiceIdentifier serviceIdentifier, ServiceProviderEngineScope serviceProviderEngineScope)
   at Microsoft.Extensions.DependencyInjection.ServiceProvider.GetService(Type serviceType)
   at Microsoft.Extensions.DependencyInjection.ServiceProviderServiceExtensions.GetRequiredService(IServiceProvider provider, Type serviceType)
   at Microsoft.Extensions.DependencyInjection.ServiceProviderServiceExtensions.GetRequiredService[T](IServiceProvider provider)
   at BusBuddy.Program.Main() in C:\Users\steve.mckitrick\Desktop\BusBuddy\Program.cs:line 73
2025-04-22 18:10:09.967 -06:00 [INF] Starting BusBuddy application configuration...
2025-04-22 18:10:10.075 -06:00 [INF] Starting BusBuddy application UI...
2025-04-22 18:10:10.337 -06:00 [INF] Applying initial schema from C:\Users\steve.mckitrick\Desktop\BusBuddy\bin\Debug\net9.0-windows\init-db.sql...
2025-04-22 18:10:10.389 -06:00 [INF] Initial schema applied.
2025-04-22 18:10:10.396 -06:00 [INF] Current database schema version: 0
2025-04-22 18:10:10.408 -06:00 [INF] Found 3 pending migrations.
2025-04-22 18:10:10.408 -06:00 [INF] Applying migration 1...
2025-04-22 18:10:10.416 -06:00 [INF] Successfully applied migration 1. New schema version: 1
2025-04-22 18:10:10.420 -06:00 [INF] Applying migration 2...
2025-04-22 18:10:10.439 -06:00 [INF] Successfully applied migration 2. New schema version: 2
2025-04-22 18:10:10.439 -06:00 [INF] Applying migration 3...
2025-04-22 18:10:10.600 -06:00 [ERR] Failed to apply migrations.
code = Error (1), message = System.Data.SQLite.SQLiteException (0x87AF001F): SQL logic error
no such table: Maintenance
   at System.Data.SQLite.SQLite3.Prepare(SQLiteConnection cnn, SQLiteCommand command, String strSql, SQLiteStatement previous, UInt32 timeoutMS, String& strRemain)
   at System.Data.SQLite.SQLiteCommand.BuildNextCommand()
   at System.Data.SQLite.SQLiteCommand.GetStatement(Int32 index)
   at System.Data.SQLite.SQLiteDataReader.NextResult()
   at System.Data.SQLite.SQLiteDataReader..ctor(SQLiteCommand cmd, CommandBehavior behave)
   at System.Data.SQLite.SQLiteCommand.ExecuteReader(CommandBehavior behavior)
   at System.Data.SQLite.SQLiteCommand.ExecuteNonQuery(CommandBehavior behavior)
   at System.Data.SQLite.SQLiteCommand.ExecuteNonQuery()
   at Dapper.SqlMapper.ExecuteCommand(IDbConnection cnn, CommandDefinition& command, Action`2 paramReader) in /_/Dapper/SqlMapper.cs:line 2965
   at Dapper.SqlMapper.ExecuteImpl(IDbConnection cnn, CommandDefinition& command) in /_/Dapper/SqlMapper.cs:line 656
   at Dapper.SqlMapper.Execute(IDbConnection cnn, String sql, Object param, IDbTransaction transaction, Nullable`1 commandTimeout, Nullable`1 commandType) in /_/Dapper/SqlMapper.cs:line 527
   at BusBuddy.Data.DatabaseManager.<>c.<.ctor>b__8_2(SQLiteConnection conn, SQLiteTransaction trans) in C:\Users\steve.mckitrick\Desktop\BusBuddy\Data\DatabaseManager.cs:line 169
   at BusBuddy.Data.DatabaseManager.ApplyPendingMigrations(SQLiteConnection connection) in C:\Users\steve.mckitrick\Desktop\BusBuddy\Data\DatabaseManager.cs:line 302
2025-04-22 18:10:10.744 -06:00 [ERR] A critical error occurred during database initialization.
code = Error (1), message = System.Data.SQLite.SQLiteException (0x87AF001F): SQL logic error
no such table: Maintenance
   at System.Data.SQLite.SQLite3.Prepare(SQLiteConnection cnn, SQLiteCommand command, String strSql, SQLiteStatement previous, UInt32 timeoutMS, String& strRemain)
   at System.Data.SQLite.SQLiteCommand.BuildNextCommand()
   at System.Data.SQLite.SQLiteCommand.GetStatement(Int32 index)
   at System.Data.SQLite.SQLiteDataReader.NextResult()
   at System.Data.SQLite.SQLiteDataReader..ctor(SQLiteCommand cmd, CommandBehavior behave)
   at System.Data.SQLite.SQLiteCommand.ExecuteReader(CommandBehavior behavior)
   at System.Data.SQLite.SQLiteCommand.ExecuteNonQuery(CommandBehavior behavior)
   at System.Data.SQLite.SQLiteCommand.ExecuteNonQuery()
   at Dapper.SqlMapper.ExecuteCommand(IDbConnection cnn, CommandDefinition& command, Action`2 paramReader) in /_/Dapper/SqlMapper.cs:line 2965
   at Dapper.SqlMapper.ExecuteImpl(IDbConnection cnn, CommandDefinition& command) in /_/Dapper/SqlMapper.cs:line 656
   at Dapper.SqlMapper.Execute(IDbConnection cnn, String sql, Object param, IDbTransaction transaction, Nullable`1 commandTimeout, Nullable`1 commandType) in /_/Dapper/SqlMapper.cs:line 527
   at BusBuddy.Data.DatabaseManager.<>c.<.ctor>b__8_2(SQLiteConnection conn, SQLiteTransaction trans) in C:\Users\steve.mckitrick\Desktop\BusBuddy\Data\DatabaseManager.cs:line 169
   at BusBuddy.Data.DatabaseManager.ApplyPendingMigrations(SQLiteConnection connection) in C:\Users\steve.mckitrick\Desktop\BusBuddy\Data\DatabaseManager.cs:line 302
   at BusBuddy.Data.DatabaseManager.InitializeDatabase() in C:\Users\steve.mckitrick\Desktop\BusBuddy\Data\DatabaseManager.cs:line 260
2025-04-22 18:10:10.813 -06:00 [FTL] Application terminated unexpectedly
code = Error (1), message = System.Data.SQLite.SQLiteException (0x87AF001F): SQL logic error
no such table: Maintenance
   at System.Data.SQLite.SQLite3.Prepare(SQLiteConnection cnn, SQLiteCommand command, String strSql, SQLiteStatement previous, UInt32 timeoutMS, String& strRemain)
   at System.Data.SQLite.SQLiteCommand.BuildNextCommand()
   at System.Data.SQLite.SQLiteCommand.GetStatement(Int32 index)
   at System.Data.SQLite.SQLiteDataReader.NextResult()
   at System.Data.SQLite.SQLiteDataReader..ctor(SQLiteCommand cmd, CommandBehavior behave)
   at System.Data.SQLite.SQLiteCommand.ExecuteReader(CommandBehavior behavior)
   at System.Data.SQLite.SQLiteCommand.ExecuteNonQuery(CommandBehavior behavior)
   at System.Data.SQLite.SQLiteCommand.ExecuteNonQuery()
   at Dapper.SqlMapper.ExecuteCommand(IDbConnection cnn, CommandDefinition& command, Action`2 paramReader) in /_/Dapper/SqlMapper.cs:line 2965
   at Dapper.SqlMapper.ExecuteImpl(IDbConnection cnn, CommandDefinition& command) in /_/Dapper/SqlMapper.cs:line 656
   at Dapper.SqlMapper.Execute(IDbConnection cnn, String sql, Object param, IDbTransaction transaction, Nullable`1 commandTimeout, Nullable`1 commandType) in /_/Dapper/SqlMapper.cs:line 527
   at BusBuddy.Data.DatabaseManager.<>c.<.ctor>b__8_2(SQLiteConnection conn, SQLiteTransaction trans) in C:\Users\steve.mckitrick\Desktop\BusBuddy\Data\DatabaseManager.cs:line 169
   at BusBuddy.Data.DatabaseManager.ApplyPendingMigrations(SQLiteConnection connection) in C:\Users\steve.mckitrick\Desktop\BusBuddy\Data\DatabaseManager.cs:line 302
   at BusBuddy.Data.DatabaseManager.InitializeDatabase() in C:\Users\steve.mckitrick\Desktop\BusBuddy\Data\DatabaseManager.cs:line 260
   at BusBuddy.Data.DatabaseManager..ctor(ILogger`1 logger, IConfiguration configuration) in C:\Users\steve.mckitrick\Desktop\BusBuddy\Data\DatabaseManager.cs:line 215
   at InvokeStub_DatabaseManager..ctor(Object, Span`1)
   at System.Reflection.MethodBaseInvoker.InvokeWithFewArgs(Object obj, BindingFlags invokeAttr, Binder binder, Object[] parameters, CultureInfo culture)
   at System.Reflection.RuntimeConstructorInfo.Invoke(BindingFlags invokeAttr, Binder binder, Object[] parameters, CultureInfo culture)
   at Microsoft.Extensions.DependencyInjection.ServiceLookup.CallSiteRuntimeResolver.VisitConstructor(ConstructorCallSite constructorCallSite, RuntimeResolverContext context)
   at Microsoft.Extensions.DependencyInjection.ServiceLookup.CallSiteVisitor`2.VisitCallSiteMain(ServiceCallSite callSite, TArgument argument)
   at Microsoft.Extensions.DependencyInjection.ServiceLookup.CallSiteRuntimeResolver.VisitRootCache(ServiceCallSite callSite, RuntimeResolverContext context)
   at Microsoft.Extensions.DependencyInjection.ServiceLookup.CallSiteVisitor`2.VisitCallSite(ServiceCallSite callSite, TArgument argument)
   at Microsoft.Extensions.DependencyInjection.ServiceLookup.CallSiteRuntimeResolver.Resolve(ServiceCallSite callSite, ServiceProviderEngineScope scope)
   at Microsoft.Extensions.DependencyInjection.ServiceProvider.CreateServiceAccessor(ServiceIdentifier serviceIdentifier)
   at System.Collections.Concurrent.ConcurrentDictionary`2.GetOrAdd(TKey key, Func`2 valueFactory)
   at Microsoft.Extensions.DependencyInjection.ServiceProvider.GetService(ServiceIdentifier serviceIdentifier, ServiceProviderEngineScope serviceProviderEngineScope)
   at Microsoft.Extensions.DependencyInjection.ServiceProvider.GetService(Type serviceType)
   at Microsoft.Extensions.DependencyInjection.ServiceProviderServiceExtensions.GetRequiredService(IServiceProvider provider, Type serviceType)
   at Microsoft.Extensions.DependencyInjection.ServiceProviderServiceExtensions.GetRequiredService[T](IServiceProvider provider)
   at BusBuddy.Program.Main() in C:\Users\steve.mckitrick\Desktop\BusBuddy\Program.cs:line 73
2025-04-22 18:13:00.726 -06:00 [INF] Starting BusBuddy application configuration...
2025-04-22 18:13:00.803 -06:00 [INF] Starting BusBuddy application UI...
2025-04-22 18:13:00.940 -06:00 [INF] Applying initial schema from C:\Users\steve.mckitrick\Desktop\BusBuddy\bin\Debug\net9.0-windows\init-db.sql...
2025-04-22 18:13:00.979 -06:00 [INF] Initial schema applied.
2025-04-22 18:13:00.985 -06:00 [INF] Current database schema version: 0
2025-04-22 18:13:00.994 -06:00 [INF] Found 3 pending migrations.
2025-04-22 18:13:00.994 -06:00 [INF] Applying migration 1...
2025-04-22 18:13:01.017 -06:00 [INF] Successfully applied migration 1. New schema version: 1
2025-04-22 18:13:01.018 -06:00 [INF] Applying migration 2...
2025-04-22 18:13:01.027 -06:00 [INF] Successfully applied migration 2. New schema version: 2
2025-04-22 18:13:01.027 -06:00 [INF] Applying migration 3...
2025-04-22 18:13:01.029 -06:00 [INF] Successfully applied migration 3. New schema version: 3
2025-04-22 18:13:01.036 -06:00 [INF] Running database cleanup...
2025-04-22 18:13:01.047 -06:00 [INF] Successfully cleaned up old Fuel records and vacuumed database.
2025-04-22 18:13:01.381 -06:00 [INF] Welcome form initialized
2025-04-22 18:13:01.383 -06:00 [INF] Auto refresh timer started with interval 300000ms
2025-04-22 18:13:01.687 -06:00 [INF] Loaded layout settings for Welcome
2025-04-22 18:13:01.688 -06:00 [INF] Loading today's trips data
2025-04-22 18:13:01.777 -06:00 [INF] No scheduled trips found for today
2025-04-22 18:13:01.785 -06:00 [INF] Loading today's trips data
2025-04-22 18:13:01.794 -06:00 [INF] No scheduled trips found for today
2025-04-22 18:13:05.977 -06:00 [INF] Drivers button clicked
2025-04-22 18:13:05.977 -06:00 [INF] Navigating to Driver Management
2025-04-22 18:13:05.983 -06:00 [ERR] FormFactory: Error creating form 'Driver Management'
System.InvalidCastException: Unable to cast object of type 'Serilog.Extensions.Logging.SerilogLogger' to type 'Microsoft.Extensions.Logging.ILogger`1[BusBuddy.Data.DatabaseManager]'.
   at BusBuddy.UI.Forms.DriverForm..ctor() in c:\Users\steve.mckitrick\Desktop\BusBuddy\UI\Forms\DriverForm.cs:line 30
   at System.RuntimeMethodHandle.InvokeMethod(Object target, Void** arguments, Signature sig, Boolean isConstructor)
   at System.Reflection.MethodBaseInvoker.InvokeWithNoArgs(Object obj, BindingFlags invokeAttr)
   at System.Reflection.RuntimeConstructorInfo.Invoke(BindingFlags invokeAttr, Binder binder, Object[] parameters, CultureInfo culture)
   at Microsoft.Extensions.DependencyInjection.ServiceLookup.CallSiteRuntimeResolver.VisitConstructor(ConstructorCallSite constructorCallSite, RuntimeResolverContext context)
   at Microsoft.Extensions.DependencyInjection.ServiceLookup.CallSiteVisitor`2.VisitCallSiteMain(ServiceCallSite callSite, TArgument argument)
   at Microsoft.Extensions.DependencyInjection.ServiceLookup.CallSiteRuntimeResolver.VisitDisposeCache(ServiceCallSite transientCallSite, RuntimeResolverContext context)
   at Microsoft.Extensions.DependencyInjection.ServiceLookup.CallSiteVisitor`2.VisitCallSite(ServiceCallSite callSite, TArgument argument)
   at Microsoft.Extensions.DependencyInjection.ServiceLookup.CallSiteRuntimeResolver.Resolve(ServiceCallSite callSite, ServiceProviderEngineScope scope)
   at Microsoft.Extensions.DependencyInjection.ServiceLookup.DynamicServiceProviderEngine.<>c__DisplayClass2_0.<RealizeService>b__0(ServiceProviderEngineScope scope)
   at Microsoft.Extensions.DependencyInjection.ServiceProvider.GetService(ServiceIdentifier serviceIdentifier, ServiceProviderEngineScope serviceProviderEngineScope)
   at Microsoft.Extensions.DependencyInjection.ServiceLookup.ServiceProviderEngineScope.GetService(Type serviceType)
   at BusBuddy.Utilities.FormFactory.CreateForm(String formName) in c:\Users\steve.mckitrick\Desktop\BusBuddy\Utilities\FormFactory.cs:line 28
2025-04-22 18:13:09.032 -06:00 [ERR] Error navigating to form Driver Management
System.InvalidCastException: Unable to cast object of type 'Serilog.Extensions.Logging.SerilogLogger' to type 'Microsoft.Extensions.Logging.ILogger`1[BusBuddy.Data.DatabaseManager]'.
   at BusBuddy.UI.Forms.DriverForm..ctor() in c:\Users\steve.mckitrick\Desktop\BusBuddy\UI\Forms\DriverForm.cs:line 30
   at System.RuntimeMethodHandle.InvokeMethod(Object target, Void** arguments, Signature sig, Boolean isConstructor)
   at System.Reflection.MethodBaseInvoker.InvokeWithNoArgs(Object obj, BindingFlags invokeAttr)
   at System.Reflection.RuntimeConstructorInfo.Invoke(BindingFlags invokeAttr, Binder binder, Object[] parameters, CultureInfo culture)
   at Microsoft.Extensions.DependencyInjection.ServiceLookup.CallSiteRuntimeResolver.VisitConstructor(ConstructorCallSite constructorCallSite, RuntimeResolverContext context)
   at Microsoft.Extensions.DependencyInjection.ServiceLookup.CallSiteVisitor`2.VisitCallSiteMain(ServiceCallSite callSite, TArgument argument)
   at Microsoft.Extensions.DependencyInjection.ServiceLookup.CallSiteRuntimeResolver.VisitDisposeCache(ServiceCallSite transientCallSite, RuntimeResolverContext context)
   at Microsoft.Extensions.DependencyInjection.ServiceLookup.CallSiteVisitor`2.VisitCallSite(ServiceCallSite callSite, TArgument argument)
   at Microsoft.Extensions.DependencyInjection.ServiceLookup.CallSiteRuntimeResolver.Resolve(ServiceCallSite callSite, ServiceProviderEngineScope scope)
   at Microsoft.Extensions.DependencyInjection.ServiceLookup.DynamicServiceProviderEngine.<>c__DisplayClass2_0.<RealizeService>b__0(ServiceProviderEngineScope scope)
   at Microsoft.Extensions.DependencyInjection.ServiceProvider.GetService(ServiceIdentifier serviceIdentifier, ServiceProviderEngineScope serviceProviderEngineScope)
   at Microsoft.Extensions.DependencyInjection.ServiceLookup.ServiceProviderEngineScope.GetService(Type serviceType)
   at BusBuddy.Utilities.FormFactory.CreateForm(String formName) in c:\Users\steve.mckitrick\Desktop\BusBuddy\Utilities\FormFactory.cs:line 28
   at BusBuddy.UI.Interfaces.MainFormNavigator.NavigateTo(String formName) in c:\Users\steve.mckitrick\Desktop\BusBuddy\UI\Interfaces\MainFormNavigator.cs:line 49
2025-04-22 18:13:10.939 -06:00 [INF] Saved layout settings for Welcome
2025-04-22 18:13:25.384 -06:00 [INF] Starting BusBuddy application configuration...
2025-04-22 18:13:25.479 -06:00 [INF] Starting BusBuddy application UI...
2025-04-22 18:13:25.704 -06:00 [INF] Applying initial schema from C:\Users\steve.mckitrick\Desktop\BusBuddy\bin\Debug\net9.0-windows\init-db.sql...
2025-04-22 18:13:25.745 -06:00 [INF] Initial schema applied.
2025-04-22 18:13:25.750 -06:00 [INF] Current database schema version: 3
2025-04-22 18:13:25.756 -06:00 [INF] No pending migrations.
2025-04-22 18:13:25.758 -06:00 [INF] Running database cleanup...
2025-04-22 18:13:25.769 -06:00 [INF] Successfully cleaned up old Fuel records and vacuumed database.
2025-04-22 18:13:25.984 -06:00 [INF] Welcome form initialized
2025-04-22 18:13:25.986 -06:00 [INF] Auto refresh timer started with interval 300000ms
2025-04-22 18:13:26.201 -06:00 [INF] Loaded layout settings for Welcome
2025-04-22 18:13:26.203 -06:00 [INF] Loading today's trips data
2025-04-22 18:13:26.304 -06:00 [INF] No scheduled trips found for today
2025-04-22 18:13:26.313 -06:00 [INF] Loading today's trips data
2025-04-22 18:13:26.320 -06:00 [INF] No scheduled trips found for today
2025-04-22 18:13:28.373 -06:00 [INF] Vehicles button clicked
2025-04-22 18:13:28.373 -06:00 [INF] Navigating to Vehicle Management
2025-04-22 18:13:28.527 -06:00 [ERR] FormFactory: Error creating form 'Vehicles'
System.InvalidCastException: Unable to cast object of type 'Serilog.Extensions.Logging.SerilogLogger' to type 'Microsoft.Extensions.Logging.ILogger`1[BusBuddy.Data.DatabaseManager]'.
   at BusBuddy.UI.Forms.VehiclesForm..ctor() in C:\Users\steve.mckitrick\Desktop\BusBuddy\UI\Forms\VehiclesForm.cs:line 28
   at InvokeStub_VehiclesForm..ctor(Object, Object, IntPtr*)
   at System.Reflection.MethodBaseInvoker.InvokeWithNoArgs(Object obj, BindingFlags invokeAttr)
   at System.Reflection.RuntimeConstructorInfo.Invoke(BindingFlags invokeAttr, Binder binder, Object[] parameters, CultureInfo culture)
   at Microsoft.Extensions.DependencyInjection.ServiceLookup.CallSiteRuntimeResolver.VisitConstructor(ConstructorCallSite constructorCallSite, RuntimeResolverContext context)
   at Microsoft.Extensions.DependencyInjection.ServiceLookup.CallSiteVisitor`2.VisitCallSiteMain(ServiceCallSite callSite, TArgument argument)
   at Microsoft.Extensions.DependencyInjection.ServiceLookup.CallSiteRuntimeResolver.VisitDisposeCache(ServiceCallSite transientCallSite, RuntimeResolverContext context)
   at Microsoft.Extensions.DependencyInjection.ServiceLookup.CallSiteVisitor`2.VisitCallSite(ServiceCallSite callSite, TArgument argument)
   at Microsoft.Extensions.DependencyInjection.ServiceLookup.CallSiteRuntimeResolver.Resolve(ServiceCallSite callSite, ServiceProviderEngineScope scope)
   at Microsoft.Extensions.DependencyInjection.ServiceLookup.DynamicServiceProviderEngine.<>c__DisplayClass2_0.<RealizeService>b__0(ServiceProviderEngineScope scope)
   at Microsoft.Extensions.DependencyInjection.ServiceProvider.GetService(ServiceIdentifier serviceIdentifier, ServiceProviderEngineScope serviceProviderEngineScope)
   at Microsoft.Extensions.DependencyInjection.ServiceLookup.ServiceProviderEngineScope.GetService(Type serviceType)
   at BusBuddy.Utilities.FormFactory.CreateForm(String formName) in C:\Users\steve.mckitrick\Desktop\BusBuddy\Utilities\FormFactory.cs:line 28
2025-04-22 18:13:30.232 -06:00 [ERR] Error navigating to form Vehicles
System.InvalidCastException: Unable to cast object of type 'Serilog.Extensions.Logging.SerilogLogger' to type 'Microsoft.Extensions.Logging.ILogger`1[BusBuddy.Data.DatabaseManager]'.
   at BusBuddy.UI.Forms.VehiclesForm..ctor() in C:\Users\steve.mckitrick\Desktop\BusBuddy\UI\Forms\VehiclesForm.cs:line 28
   at InvokeStub_VehiclesForm..ctor(Object, Object, IntPtr*)
   at System.Reflection.MethodBaseInvoker.InvokeWithNoArgs(Object obj, BindingFlags invokeAttr)
   at System.Reflection.RuntimeConstructorInfo.Invoke(BindingFlags invokeAttr, Binder binder, Object[] parameters, CultureInfo culture)
   at Microsoft.Extensions.DependencyInjection.ServiceLookup.CallSiteRuntimeResolver.VisitConstructor(ConstructorCallSite constructorCallSite, RuntimeResolverContext context)
   at Microsoft.Extensions.DependencyInjection.ServiceLookup.CallSiteVisitor`2.VisitCallSiteMain(ServiceCallSite callSite, TArgument argument)
   at Microsoft.Extensions.DependencyInjection.ServiceLookup.CallSiteRuntimeResolver.VisitDisposeCache(ServiceCallSite transientCallSite, RuntimeResolverContext context)
   at Microsoft.Extensions.DependencyInjection.ServiceLookup.CallSiteVisitor`2.VisitCallSite(ServiceCallSite callSite, TArgument argument)
   at Microsoft.Extensions.DependencyInjection.ServiceLookup.CallSiteRuntimeResolver.Resolve(ServiceCallSite callSite, ServiceProviderEngineScope scope)
   at Microsoft.Extensions.DependencyInjection.ServiceLookup.DynamicServiceProviderEngine.<>c__DisplayClass2_0.<RealizeService>b__0(ServiceProviderEngineScope scope)
   at Microsoft.Extensions.DependencyInjection.ServiceProvider.GetService(ServiceIdentifier serviceIdentifier, ServiceProviderEngineScope serviceProviderEngineScope)
   at Microsoft.Extensions.DependencyInjection.ServiceLookup.ServiceProviderEngineScope.GetService(Type serviceType)
   at BusBuddy.Utilities.FormFactory.CreateForm(String formName) in C:\Users\steve.mckitrick\Desktop\BusBuddy\Utilities\FormFactory.cs:line 28
   at BusBuddy.UI.Interfaces.MainFormNavigator.NavigateTo(String formName) in C:\Users\steve.mckitrick\Desktop\BusBuddy\UI\Interfaces\MainFormNavigator.cs:line 49
2025-04-22 18:13:30.971 -06:00 [INF] Fuel button clicked
2025-04-22 18:13:30.972 -06:00 [INF] Navigating to Fuel Records
2025-04-22 18:13:31.083 -06:00 [ERR] FormFactory: Error creating form 'Fuel Records'
System.InvalidCastException: Unable to cast object of type 'Serilog.Extensions.Logging.SerilogLogger' to type 'Microsoft.Extensions.Logging.ILogger`1[BusBuddy.Data.DatabaseManager]'.
   at BusBuddy.UI.Forms.FuelForm..ctor() in C:\Users\steve.mckitrick\Desktop\BusBuddy\UI\Forms\FuelForm.cs:line 30
   at InvokeStub_FuelForm..ctor(Object, Object, IntPtr*)
   at System.Reflection.MethodBaseInvoker.InvokeWithNoArgs(Object obj, BindingFlags invokeAttr)
   at System.Reflection.RuntimeConstructorInfo.Invoke(BindingFlags invokeAttr, Binder binder, Object[] parameters, CultureInfo culture)
   at Microsoft.Extensions.DependencyInjection.ServiceLookup.CallSiteRuntimeResolver.VisitConstructor(ConstructorCallSite constructorCallSite, RuntimeResolverContext context)
   at Microsoft.Extensions.DependencyInjection.ServiceLookup.CallSiteVisitor`2.VisitCallSiteMain(ServiceCallSite callSite, TArgument argument)
   at Microsoft.Extensions.DependencyInjection.ServiceLookup.CallSiteRuntimeResolver.VisitDisposeCache(ServiceCallSite transientCallSite, RuntimeResolverContext context)
   at Microsoft.Extensions.DependencyInjection.ServiceLookup.CallSiteVisitor`2.VisitCallSite(ServiceCallSite callSite, TArgument argument)
   at Microsoft.Extensions.DependencyInjection.ServiceLookup.CallSiteRuntimeResolver.Resolve(ServiceCallSite callSite, ServiceProviderEngineScope scope)
   at Microsoft.Extensions.DependencyInjection.ServiceLookup.DynamicServiceProviderEngine.<>c__DisplayClass2_0.<RealizeService>b__0(ServiceProviderEngineScope scope)
   at Microsoft.Extensions.DependencyInjection.ServiceProvider.GetService(ServiceIdentifier serviceIdentifier, ServiceProviderEngineScope serviceProviderEngineScope)
   at Microsoft.Extensions.DependencyInjection.ServiceLookup.ServiceProviderEngineScope.GetService(Type serviceType)
   at BusBuddy.Utilities.FormFactory.CreateForm(String formName) in C:\Users\steve.mckitrick\Desktop\BusBuddy\Utilities\FormFactory.cs:line 28
2025-04-22 18:13:32.217 -06:00 [ERR] Error navigating to form Fuel Records
System.InvalidCastException: Unable to cast object of type 'Serilog.Extensions.Logging.SerilogLogger' to type 'Microsoft.Extensions.Logging.ILogger`1[BusBuddy.Data.DatabaseManager]'.
   at BusBuddy.UI.Forms.FuelForm..ctor() in C:\Users\steve.mckitrick\Desktop\BusBuddy\UI\Forms\FuelForm.cs:line 30
   at InvokeStub_FuelForm..ctor(Object, Object, IntPtr*)
   at System.Reflection.MethodBaseInvoker.InvokeWithNoArgs(Object obj, BindingFlags invokeAttr)
   at System.Reflection.RuntimeConstructorInfo.Invoke(BindingFlags invokeAttr, Binder binder, Object[] parameters, CultureInfo culture)
   at Microsoft.Extensions.DependencyInjection.ServiceLookup.CallSiteRuntimeResolver.VisitConstructor(ConstructorCallSite constructorCallSite, RuntimeResolverContext context)
   at Microsoft.Extensions.DependencyInjection.ServiceLookup.CallSiteVisitor`2.VisitCallSiteMain(ServiceCallSite callSite, TArgument argument)
   at Microsoft.Extensions.DependencyInjection.ServiceLookup.CallSiteRuntimeResolver.VisitDisposeCache(ServiceCallSite transientCallSite, RuntimeResolverContext context)
   at Microsoft.Extensions.DependencyInjection.ServiceLookup.CallSiteVisitor`2.VisitCallSite(ServiceCallSite callSite, TArgument argument)
   at Microsoft.Extensions.DependencyInjection.ServiceLookup.CallSiteRuntimeResolver.Resolve(ServiceCallSite callSite, ServiceProviderEngineScope scope)
   at Microsoft.Extensions.DependencyInjection.ServiceLookup.DynamicServiceProviderEngine.<>c__DisplayClass2_0.<RealizeService>b__0(ServiceProviderEngineScope scope)
   at Microsoft.Extensions.DependencyInjection.ServiceProvider.GetService(ServiceIdentifier serviceIdentifier, ServiceProviderEngineScope serviceProviderEngineScope)
   at Microsoft.Extensions.DependencyInjection.ServiceLookup.ServiceProviderEngineScope.GetService(Type serviceType)
   at BusBuddy.Utilities.FormFactory.CreateForm(String formName) in C:\Users\steve.mckitrick\Desktop\BusBuddy\Utilities\FormFactory.cs:line 28
   at BusBuddy.UI.Interfaces.MainFormNavigator.NavigateTo(String formName) in C:\Users\steve.mckitrick\Desktop\BusBuddy\UI\Interfaces\MainFormNavigator.cs:line 49
2025-04-22 18:13:33.096 -06:00 [INF] Maintenance button clicked
2025-04-22 18:13:33.097 -06:00 [INF] Navigating to Maintenance Records
2025-04-22 18:13:33.180 -06:00 [ERR] FormFactory: Error creating form 'Maintenance'
System.InvalidCastException: Unable to cast object of type 'Serilog.Extensions.Logging.SerilogLogger' to type 'Microsoft.Extensions.Logging.ILogger`1[BusBuddy.Data.DatabaseManager]'.
   at BusBuddy.UI.Forms.MaintenanceForm..ctor() in C:\Users\steve.mckitrick\Desktop\BusBuddy\UI\Forms\MaintenanceForm.cs:line 29
   at InvokeStub_MaintenanceForm..ctor(Object, Object, IntPtr*)
   at System.Reflection.MethodBaseInvoker.InvokeWithNoArgs(Object obj, BindingFlags invokeAttr)
   at System.Reflection.RuntimeConstructorInfo.Invoke(BindingFlags invokeAttr, Binder binder, Object[] parameters, CultureInfo culture)
   at Microsoft.Extensions.DependencyInjection.ServiceLookup.CallSiteRuntimeResolver.VisitConstructor(ConstructorCallSite constructorCallSite, RuntimeResolverContext context)
   at Microsoft.Extensions.DependencyInjection.ServiceLookup.CallSiteVisitor`2.VisitCallSiteMain(ServiceCallSite callSite, TArgument argument)
   at Microsoft.Extensions.DependencyInjection.ServiceLookup.CallSiteRuntimeResolver.VisitDisposeCache(ServiceCallSite transientCallSite, RuntimeResolverContext context)
   at Microsoft.Extensions.DependencyInjection.ServiceLookup.CallSiteVisitor`2.VisitCallSite(ServiceCallSite callSite, TArgument argument)
   at Microsoft.Extensions.DependencyInjection.ServiceLookup.CallSiteRuntimeResolver.Resolve(ServiceCallSite callSite, ServiceProviderEngineScope scope)
   at Microsoft.Extensions.DependencyInjection.ServiceLookup.DynamicServiceProviderEngine.<>c__DisplayClass2_0.<RealizeService>b__0(ServiceProviderEngineScope scope)
   at Microsoft.Extensions.DependencyInjection.ServiceProvider.GetService(ServiceIdentifier serviceIdentifier, ServiceProviderEngineScope serviceProviderEngineScope)
   at Microsoft.Extensions.DependencyInjection.ServiceLookup.ServiceProviderEngineScope.GetService(Type serviceType)
   at BusBuddy.Utilities.FormFactory.CreateForm(String formName) in C:\Users\steve.mckitrick\Desktop\BusBuddy\Utilities\FormFactory.cs:line 28
2025-04-22 18:13:34.463 -06:00 [ERR] Error navigating to form Maintenance
System.InvalidCastException: Unable to cast object of type 'Serilog.Extensions.Logging.SerilogLogger' to type 'Microsoft.Extensions.Logging.ILogger`1[BusBuddy.Data.DatabaseManager]'.
   at BusBuddy.UI.Forms.MaintenanceForm..ctor() in C:\Users\steve.mckitrick\Desktop\BusBuddy\UI\Forms\MaintenanceForm.cs:line 29
   at InvokeStub_MaintenanceForm..ctor(Object, Object, IntPtr*)
   at System.Reflection.MethodBaseInvoker.InvokeWithNoArgs(Object obj, BindingFlags invokeAttr)
   at System.Reflection.RuntimeConstructorInfo.Invoke(BindingFlags invokeAttr, Binder binder, Object[] parameters, CultureInfo culture)
   at Microsoft.Extensions.DependencyInjection.ServiceLookup.CallSiteRuntimeResolver.VisitConstructor(ConstructorCallSite constructorCallSite, RuntimeResolverContext context)
   at Microsoft.Extensions.DependencyInjection.ServiceLookup.CallSiteVisitor`2.VisitCallSiteMain(ServiceCallSite callSite, TArgument argument)
   at Microsoft.Extensions.DependencyInjection.ServiceLookup.CallSiteRuntimeResolver.VisitDisposeCache(ServiceCallSite transientCallSite, RuntimeResolverContext context)
   at Microsoft.Extensions.DependencyInjection.ServiceLookup.CallSiteVisitor`2.VisitCallSite(ServiceCallSite callSite, TArgument argument)
   at Microsoft.Extensions.DependencyInjection.ServiceLookup.CallSiteRuntimeResolver.Resolve(ServiceCallSite callSite, ServiceProviderEngineScope scope)
   at Microsoft.Extensions.DependencyInjection.ServiceLookup.DynamicServiceProviderEngine.<>c__DisplayClass2_0.<RealizeService>b__0(ServiceProviderEngineScope scope)
   at Microsoft.Extensions.DependencyInjection.ServiceProvider.GetService(ServiceIdentifier serviceIdentifier, ServiceProviderEngineScope serviceProviderEngineScope)
   at Microsoft.Extensions.DependencyInjection.ServiceLookup.ServiceProviderEngineScope.GetService(Type serviceType)
   at BusBuddy.Utilities.FormFactory.CreateForm(String formName) in C:\Users\steve.mckitrick\Desktop\BusBuddy\Utilities\FormFactory.cs:line 28
   at BusBuddy.UI.Interfaces.MainFormNavigator.NavigateTo(String formName) in C:\Users\steve.mckitrick\Desktop\BusBuddy\UI\Interfaces\MainFormNavigator.cs:line 49
2025-04-22 18:13:35.095 -06:00 [INF] Drivers button clicked
2025-04-22 18:13:35.095 -06:00 [INF] Navigating to Driver Management
2025-04-22 18:13:35.189 -06:00 [ERR] FormFactory: Error creating form 'Driver Management'
System.InvalidCastException: Unable to cast object of type 'Serilog.Extensions.Logging.SerilogLogger' to type 'Microsoft.Extensions.Logging.ILogger`1[BusBuddy.Data.DatabaseManager]'.
   at BusBuddy.UI.Forms.DriverForm..ctor() in C:\Users\steve.mckitrick\Desktop\BusBuddy\UI\Forms\DriverForm.cs:line 30
   at InvokeStub_DriverForm..ctor(Object, Object, IntPtr*)
   at System.Reflection.MethodBaseInvoker.InvokeWithNoArgs(Object obj, BindingFlags invokeAttr)
   at System.Reflection.RuntimeConstructorInfo.Invoke(BindingFlags invokeAttr, Binder binder, Object[] parameters, CultureInfo culture)
   at Microsoft.Extensions.DependencyInjection.ServiceLookup.CallSiteRuntimeResolver.VisitConstructor(ConstructorCallSite constructorCallSite, RuntimeResolverContext context)
   at Microsoft.Extensions.DependencyInjection.ServiceLookup.CallSiteVisitor`2.VisitCallSiteMain(ServiceCallSite callSite, TArgument argument)
   at Microsoft.Extensions.DependencyInjection.ServiceLookup.CallSiteRuntimeResolver.VisitDisposeCache(ServiceCallSite transientCallSite, RuntimeResolverContext context)
   at Microsoft.Extensions.DependencyInjection.ServiceLookup.CallSiteVisitor`2.VisitCallSite(ServiceCallSite callSite, TArgument argument)
   at Microsoft.Extensions.DependencyInjection.ServiceLookup.CallSiteRuntimeResolver.Resolve(ServiceCallSite callSite, ServiceProviderEngineScope scope)
   at Microsoft.Extensions.DependencyInjection.ServiceLookup.DynamicServiceProviderEngine.<>c__DisplayClass2_0.<RealizeService>b__0(ServiceProviderEngineScope scope)
   at Microsoft.Extensions.DependencyInjection.ServiceProvider.GetService(ServiceIdentifier serviceIdentifier, ServiceProviderEngineScope serviceProviderEngineScope)
   at Microsoft.Extensions.DependencyInjection.ServiceLookup.ServiceProviderEngineScope.GetService(Type serviceType)
   at BusBuddy.Utilities.FormFactory.CreateForm(String formName) in C:\Users\steve.mckitrick\Desktop\BusBuddy\Utilities\FormFactory.cs:line 28
2025-04-22 18:13:36.303 -06:00 [ERR] Error navigating to form Driver Management
System.InvalidCastException: Unable to cast object of type 'Serilog.Extensions.Logging.SerilogLogger' to type 'Microsoft.Extensions.Logging.ILogger`1[BusBuddy.Data.DatabaseManager]'.
   at BusBuddy.UI.Forms.DriverForm..ctor() in C:\Users\steve.mckitrick\Desktop\BusBuddy\UI\Forms\DriverForm.cs:line 30
   at InvokeStub_DriverForm..ctor(Object, Object, IntPtr*)
   at System.Reflection.MethodBaseInvoker.InvokeWithNoArgs(Object obj, BindingFlags invokeAttr)
   at System.Reflection.RuntimeConstructorInfo.Invoke(BindingFlags invokeAttr, Binder binder, Object[] parameters, CultureInfo culture)
   at Microsoft.Extensions.DependencyInjection.ServiceLookup.CallSiteRuntimeResolver.VisitConstructor(ConstructorCallSite constructorCallSite, RuntimeResolverContext context)
   at Microsoft.Extensions.DependencyInjection.ServiceLookup.CallSiteVisitor`2.VisitCallSiteMain(ServiceCallSite callSite, TArgument argument)
   at Microsoft.Extensions.DependencyInjection.ServiceLookup.CallSiteRuntimeResolver.VisitDisposeCache(ServiceCallSite transientCallSite, RuntimeResolverContext context)
   at Microsoft.Extensions.DependencyInjection.ServiceLookup.CallSiteVisitor`2.VisitCallSite(ServiceCallSite callSite, TArgument argument)
   at Microsoft.Extensions.DependencyInjection.ServiceLookup.CallSiteRuntimeResolver.Resolve(ServiceCallSite callSite, ServiceProviderEngineScope scope)
   at Microsoft.Extensions.DependencyInjection.ServiceLookup.DynamicServiceProviderEngine.<>c__DisplayClass2_0.<RealizeService>b__0(ServiceProviderEngineScope scope)
   at Microsoft.Extensions.DependencyInjection.ServiceProvider.GetService(ServiceIdentifier serviceIdentifier, ServiceProviderEngineScope serviceProviderEngineScope)
   at Microsoft.Extensions.DependencyInjection.ServiceLookup.ServiceProviderEngineScope.GetService(Type serviceType)
   at BusBuddy.Utilities.FormFactory.CreateForm(String formName) in C:\Users\steve.mckitrick\Desktop\BusBuddy\Utilities\FormFactory.cs:line 28
   at BusBuddy.UI.Interfaces.MainFormNavigator.NavigateTo(String formName) in C:\Users\steve.mckitrick\Desktop\BusBuddy\UI\Interfaces\MainFormNavigator.cs:line 49
2025-04-22 18:13:37.986 -06:00 [INF] Saved layout settings for Welcome
